16-May-2018 13:43:17.642 INFO [main] org.apache.catalina.startup.VersionLoggerListener.log Server version:        Apache Tomcat/9.0.8
16-May-2018 13:43:17.644 INFO [main] org.apache.catalina.startup.VersionLoggerListener.log Server built:          Apr 27 2018 19:32:00 UTC
16-May-2018 13:43:17.644 INFO [main] org.apache.catalina.startup.VersionLoggerListener.log Server number:         9.0.8.0
16-May-2018 13:43:17.644 INFO [main] org.apache.catalina.startup.VersionLoggerListener.log OS Name:               Linux
16-May-2018 13:43:17.644 INFO [main] org.apache.catalina.startup.VersionLoggerListener.log OS Version:            4.16.6-202.fc27.x86_64
16-May-2018 13:43:17.644 INFO [main] org.apache.catalina.startup.VersionLoggerListener.log Architecture:          amd64
16-May-2018 13:43:17.644 INFO [main] org.apache.catalina.startup.VersionLoggerListener.log Java Home:             /usr/lib/jvm/java-1.8.0-openjdk-1.8.0.171-4.b10.fc27.x86_64/jre
16-May-2018 13:43:17.644 INFO [main] org.apache.catalina.startup.VersionLoggerListener.log JVM Version:           1.8.0_171-b10
16-May-2018 13:43:17.644 INFO [main] org.apache.catalina.startup.VersionLoggerListener.log JVM Vendor:            Oracle Corporation
16-May-2018 13:43:17.644 INFO [main] org.apache.catalina.startup.VersionLoggerListener.log CATALINA_BASE:         /home/sgeorgiou/GitHub/Rest_and_RPC_research/apache-tomcat-9.0.8
16-May-2018 13:43:17.644 INFO [main] org.apache.catalina.startup.VersionLoggerListener.log CATALINA_HOME:         /home/sgeorgiou/GitHub/Rest_and_RPC_research/apache-tomcat-9.0.8
16-May-2018 13:43:17.644 INFO [main] org.apache.catalina.startup.VersionLoggerListener.log Command line argument: -Djava.util.logging.config.file=/home/sgeorgiou/GitHub/Rest_and_RPC_research/apache-tomcat-9.0.8/conf/logging.properties
16-May-2018 13:43:17.644 INFO [main] org.apache.catalina.startup.VersionLoggerListener.log Command line argument: -Djava.util.logging.manager=org.apache.juli.ClassLoaderLogManager
16-May-2018 13:43:17.644 INFO [main] org.apache.catalina.startup.VersionLoggerListener.log Command line argument: -Djdk.tls.ephemeralDHKeySize=2048
16-May-2018 13:43:17.644 INFO [main] org.apache.catalina.startup.VersionLoggerListener.log Command line argument: -Djava.protocol.handler.pkgs=org.apache.catalina.webresources
16-May-2018 13:43:17.644 INFO [main] org.apache.catalina.startup.VersionLoggerListener.log Command line argument: -Dorg.apache.catalina.security.SecurityListener.UMASK=0027
16-May-2018 13:43:17.644 INFO [main] org.apache.catalina.startup.VersionLoggerListener.log Command line argument: -Dignore.endorsed.dirs=
16-May-2018 13:43:17.644 INFO [main] org.apache.catalina.startup.VersionLoggerListener.log Command line argument: -Dcatalina.base=/home/sgeorgiou/GitHub/Rest_and_RPC_research/apache-tomcat-9.0.8
16-May-2018 13:43:17.644 INFO [main] org.apache.catalina.startup.VersionLoggerListener.log Command line argument: -Dcatalina.home=/home/sgeorgiou/GitHub/Rest_and_RPC_research/apache-tomcat-9.0.8
16-May-2018 13:43:17.645 INFO [main] org.apache.catalina.startup.VersionLoggerListener.log Command line argument: -Djava.io.tmpdir=/home/sgeorgiou/GitHub/Rest_and_RPC_research/apache-tomcat-9.0.8/temp
16-May-2018 13:43:17.645 INFO [main] org.apache.catalina.core.AprLifecycleListener.lifecycleEvent The APR based Apache Tomcat Native library which allows optimal performance in production environments was not found on the java.library.path: [/usr/java/packages/lib/amd64:/usr/lib64:/lib64:/lib:/usr/lib]
16-May-2018 13:43:17.688 INFO [main] org.apache.coyote.AbstractProtocol.init Initializing ProtocolHandler ["http-nio-195.251.251.27-8080"]
16-May-2018 13:43:17.694 INFO [main] org.apache.tomcat.util.net.NioSelectorPool.getSharedSelector Using a shared selector for servlet write/read
16-May-2018 13:43:17.698 INFO [main] org.apache.coyote.AbstractProtocol.init Initializing ProtocolHandler ["ajp-nio-8009"]
16-May-2018 13:43:17.699 INFO [main] org.apache.tomcat.util.net.NioSelectorPool.getSharedSelector Using a shared selector for servlet write/read
16-May-2018 13:43:17.699 INFO [main] org.apache.catalina.startup.Catalina.load Initialization processed in 244 ms
16-May-2018 13:43:17.712 INFO [main] org.apache.catalina.core.StandardService.startInternal Starting service [Catalina]
16-May-2018 13:43:17.712 INFO [main] org.apache.catalina.core.StandardEngine.startInternal Starting Servlet Engine: Apache Tomcat/9.0.8
16-May-2018 13:43:17.723 INFO [main] org.apache.catalina.startup.HostConfig.deployWAR Deploying web application archive [/home/sgeorgiou/GitHub/Rest_and_RPC_research/apache-tomcat-9.0.8/webapps/RESTfulServer.war]
16-May-2018 13:43:17.959 INFO [main] org.apache.jasper.servlet.TldScanner.scanJars At least one JAR was scanned for TLDs yet contained no TLDs. Enable debug logging for this logger for a complete list of JARs that were scanned but no TLDs were found in them. Skipping unneeded JARs during scanning can improve startup time and JSP compilation time.
16-May-2018 13:43:17.983 INFO [main] com.sun.jersey.api.core.PackagesResourceConfig.init Scanning for root resource and provider classes in the packages:
  com.mkyong.rest
16-May-2018 13:43:17.995 INFO [main] com.sun.jersey.api.core.ScanningResourceConfig.logClasses Root resource classes found:
  class com.mkyong.rest.HelloWorldService
16-May-2018 13:43:17.995 INFO [main] com.sun.jersey.api.core.ScanningResourceConfig.init No provider classes found.
16-May-2018 13:43:18.032 INFO [main] com.sun.jersey.server.impl.application.WebApplicationImpl._initiate Initiating Jersey application, version 'Jersey: 1.8 06/24/2011 12:17 PM'
16-May-2018 13:43:18.274 INFO [main] org.apache.catalina.startup.HostConfig.deployWAR Deployment of web application archive [/home/sgeorgiou/GitHub/Rest_and_RPC_research/apache-tomcat-9.0.8/webapps/RESTfulServer.war] has finished in [550] ms
16-May-2018 13:43:18.274 INFO [main] org.apache.catalina.startup.HostConfig.deployDirectory Deploying web application directory [/home/sgeorgiou/GitHub/Rest_and_RPC_research/apache-tomcat-9.0.8/webapps/docs]
16-May-2018 13:43:18.284 INFO [main] org.apache.catalina.startup.HostConfig.deployDirectory Deployment of web application directory [/home/sgeorgiou/GitHub/Rest_and_RPC_research/apache-tomcat-9.0.8/webapps/docs] has finished in [10] ms
16-May-2018 13:43:18.284 INFO [main] org.apache.catalina.startup.HostConfig.deployDirectory Deploying web application directory [/home/sgeorgiou/GitHub/Rest_and_RPC_research/apache-tomcat-9.0.8/webapps/examples]
16-May-2018 13:43:18.392 INFO [main] org.apache.catalina.startup.HostConfig.deployDirectory Deployment of web application directory [/home/sgeorgiou/GitHub/Rest_and_RPC_research/apache-tomcat-9.0.8/webapps/examples] has finished in [108] ms
16-May-2018 13:43:18.393 INFO [main] org.apache.catalina.startup.HostConfig.deployDirectory Deploying web application directory [/home/sgeorgiou/GitHub/Rest_and_RPC_research/apache-tomcat-9.0.8/webapps/ROOT]
16-May-2018 13:43:18.400 INFO [main] org.apache.catalina.startup.HostConfig.deployDirectory Deployment of web application directory [/home/sgeorgiou/GitHub/Rest_and_RPC_research/apache-tomcat-9.0.8/webapps/ROOT] has finished in [7] ms
16-May-2018 13:43:18.401 INFO [main] org.apache.catalina.startup.HostConfig.deployDirectory Deploying web application directory [/home/sgeorgiou/GitHub/Rest_and_RPC_research/apache-tomcat-9.0.8/webapps/manager]
16-May-2018 13:43:18.414 INFO [main] org.apache.catalina.startup.HostConfig.deployDirectory Deployment of web application directory [/home/sgeorgiou/GitHub/Rest_and_RPC_research/apache-tomcat-9.0.8/webapps/manager] has finished in [14] ms
16-May-2018 13:43:18.414 INFO [main] org.apache.catalina.startup.HostConfig.deployDirectory Deploying web application directory [/home/sgeorgiou/GitHub/Rest_and_RPC_research/apache-tomcat-9.0.8/webapps/host-manager]
16-May-2018 13:43:18.425 INFO [main] org.apache.catalina.startup.HostConfig.deployDirectory Deployment of web application directory [/home/sgeorgiou/GitHub/Rest_and_RPC_research/apache-tomcat-9.0.8/webapps/host-manager] has finished in [11] ms
16-May-2018 13:43:18.427 INFO [main] org.apache.coyote.AbstractProtocol.start Starting ProtocolHandler ["http-nio-195.251.251.27-8080"]
16-May-2018 13:43:18.431 INFO [main] org.apache.coyote.AbstractProtocol.start Starting ProtocolHandler ["ajp-nio-8009"]
16-May-2018 13:43:18.444 INFO [main] org.apache.catalina.startup.Catalina.start Server startup in 745 ms
