26-Jun-2018 11:08:39.607 INFO [main] org.apache.catalina.startup.VersionLoggerListener.log Server version:        Apache Tomcat/9.0.8
26-Jun-2018 11:08:39.608 INFO [main] org.apache.catalina.startup.VersionLoggerListener.log Server built:          Apr 27 2018 19:32:00 UTC
26-Jun-2018 11:08:39.608 INFO [main] org.apache.catalina.startup.VersionLoggerListener.log Server number:         9.0.8.0
26-Jun-2018 11:08:39.608 INFO [main] org.apache.catalina.startup.VersionLoggerListener.log OS Name:               Linux
26-Jun-2018 11:08:39.608 INFO [main] org.apache.catalina.startup.VersionLoggerListener.log OS Version:            4.16.15-200.fc27.x86_64
26-Jun-2018 11:08:39.608 INFO [main] org.apache.catalina.startup.VersionLoggerListener.log Architecture:          amd64
26-Jun-2018 11:08:39.608 INFO [main] org.apache.catalina.startup.VersionLoggerListener.log Java Home:             /usr/lib/jvm/java-1.8.0-openjdk-1.8.0.171-4.b10.fc27.x86_64/jre
26-Jun-2018 11:08:39.608 INFO [main] org.apache.catalina.startup.VersionLoggerListener.log JVM Version:           1.8.0_171-b10
26-Jun-2018 11:08:39.609 INFO [main] org.apache.catalina.startup.VersionLoggerListener.log JVM Vendor:            Oracle Corporation
26-Jun-2018 11:08:39.609 INFO [main] org.apache.catalina.startup.VersionLoggerListener.log CATALINA_BASE:         /home/sgeorgiou/GitHub/Rest_and_RPC_research/apache-tomcat-9.0.8
26-Jun-2018 11:08:39.609 INFO [main] org.apache.catalina.startup.VersionLoggerListener.log CATALINA_HOME:         /home/sgeorgiou/GitHub/Rest_and_RPC_research/apache-tomcat-9.0.8
26-Jun-2018 11:08:39.609 INFO [main] org.apache.catalina.startup.VersionLoggerListener.log Command line argument: -Djava.util.logging.config.file=/home/sgeorgiou/GitHub/Rest_and_RPC_research/apache-tomcat-9.0.8/conf/logging.properties
26-Jun-2018 11:08:39.609 INFO [main] org.apache.catalina.startup.VersionLoggerListener.log Command line argument: -Djava.util.logging.manager=org.apache.juli.ClassLoaderLogManager
26-Jun-2018 11:08:39.609 INFO [main] org.apache.catalina.startup.VersionLoggerListener.log Command line argument: -Djdk.tls.ephemeralDHKeySize=2048
26-Jun-2018 11:08:39.609 INFO [main] org.apache.catalina.startup.VersionLoggerListener.log Command line argument: -Djava.protocol.handler.pkgs=org.apache.catalina.webresources
26-Jun-2018 11:08:39.609 INFO [main] org.apache.catalina.startup.VersionLoggerListener.log Command line argument: -Dorg.apache.catalina.security.SecurityListener.UMASK=0027
26-Jun-2018 11:08:39.609 INFO [main] org.apache.catalina.startup.VersionLoggerListener.log Command line argument: -Dignore.endorsed.dirs=
26-Jun-2018 11:08:39.609 INFO [main] org.apache.catalina.startup.VersionLoggerListener.log Command line argument: -Dcatalina.base=/home/sgeorgiou/GitHub/Rest_and_RPC_research/apache-tomcat-9.0.8
26-Jun-2018 11:08:39.609 INFO [main] org.apache.catalina.startup.VersionLoggerListener.log Command line argument: -Dcatalina.home=/home/sgeorgiou/GitHub/Rest_and_RPC_research/apache-tomcat-9.0.8
26-Jun-2018 11:08:39.609 INFO [main] org.apache.catalina.startup.VersionLoggerListener.log Command line argument: -Djava.io.tmpdir=/home/sgeorgiou/GitHub/Rest_and_RPC_research/apache-tomcat-9.0.8/temp
26-Jun-2018 11:08:39.609 INFO [main] org.apache.catalina.core.AprLifecycleListener.lifecycleEvent The APR based Apache Tomcat Native library which allows optimal performance in production environments was not found on the java.library.path: [/usr/java/packages/lib/amd64:/usr/lib64:/lib64:/lib:/usr/lib]
26-Jun-2018 11:08:39.650 INFO [main] org.apache.coyote.AbstractProtocol.init Initializing ProtocolHandler ["http-nio-195.251.251.27-8080"]
26-Jun-2018 11:08:39.656 INFO [main] org.apache.tomcat.util.net.NioSelectorPool.getSharedSelector Using a shared selector for servlet write/read
26-Jun-2018 11:08:39.659 INFO [main] org.apache.coyote.AbstractProtocol.init Initializing ProtocolHandler ["ajp-nio-8009"]
26-Jun-2018 11:08:39.660 INFO [main] org.apache.tomcat.util.net.NioSelectorPool.getSharedSelector Using a shared selector for servlet write/read
26-Jun-2018 11:08:39.660 INFO [main] org.apache.catalina.startup.Catalina.load Initialization processed in 237 ms
26-Jun-2018 11:08:39.672 INFO [main] org.apache.catalina.core.StandardService.startInternal Starting service [Catalina]
26-Jun-2018 11:08:39.672 INFO [main] org.apache.catalina.core.StandardEngine.startInternal Starting Servlet Engine: Apache Tomcat/9.0.8
26-Jun-2018 11:08:39.683 INFO [main] org.apache.catalina.startup.HostConfig.deployWAR Deploying web application archive [/home/sgeorgiou/GitHub/Rest_and_RPC_research/apache-tomcat-9.0.8/webapps/RESTfulServer.war]
26-Jun-2018 11:08:39.914 INFO [main] org.apache.jasper.servlet.TldScanner.scanJars At least one JAR was scanned for TLDs yet contained no TLDs. Enable debug logging for this logger for a complete list of JARs that were scanned but no TLDs were found in them. Skipping unneeded JARs during scanning can improve startup time and JSP compilation time.
26-Jun-2018 11:08:39.938 INFO [main] com.sun.jersey.api.core.PackagesResourceConfig.init Scanning for root resource and provider classes in the packages:
  com.mkyong.rest
26-Jun-2018 11:08:39.949 INFO [main] com.sun.jersey.api.core.ScanningResourceConfig.logClasses Root resource classes found:
  class com.mkyong.rest.HelloWorldService
26-Jun-2018 11:08:39.949 INFO [main] com.sun.jersey.api.core.ScanningResourceConfig.init No provider classes found.
26-Jun-2018 11:08:39.986 INFO [main] com.sun.jersey.server.impl.application.WebApplicationImpl._initiate Initiating Jersey application, version 'Jersey: 1.8 06/24/2011 12:17 PM'
26-Jun-2018 11:08:40.228 INFO [main] org.apache.catalina.startup.HostConfig.deployWAR Deployment of web application archive [/home/sgeorgiou/GitHub/Rest_and_RPC_research/apache-tomcat-9.0.8/webapps/RESTfulServer.war] has finished in [545] ms
26-Jun-2018 11:08:40.229 INFO [main] org.apache.catalina.startup.HostConfig.deployDirectory Deploying web application directory [/home/sgeorgiou/GitHub/Rest_and_RPC_research/apache-tomcat-9.0.8/webapps/docs]
26-Jun-2018 11:08:40.236 INFO [main] org.apache.catalina.startup.HostConfig.deployDirectory Deployment of web application directory [/home/sgeorgiou/GitHub/Rest_and_RPC_research/apache-tomcat-9.0.8/webapps/docs] has finished in [7] ms
26-Jun-2018 11:08:40.236 INFO [main] org.apache.catalina.startup.HostConfig.deployDirectory Deploying web application directory [/home/sgeorgiou/GitHub/Rest_and_RPC_research/apache-tomcat-9.0.8/webapps/examples]
26-Jun-2018 11:08:40.327 INFO [main] org.apache.catalina.startup.HostConfig.deployDirectory Deployment of web application directory [/home/sgeorgiou/GitHub/Rest_and_RPC_research/apache-tomcat-9.0.8/webapps/examples] has finished in [91] ms
26-Jun-2018 11:08:40.327 INFO [main] org.apache.catalina.startup.HostConfig.deployDirectory Deploying web application directory [/home/sgeorgiou/GitHub/Rest_and_RPC_research/apache-tomcat-9.0.8/webapps/ROOT]
26-Jun-2018 11:08:40.334 INFO [main] org.apache.catalina.startup.HostConfig.deployDirectory Deployment of web application directory [/home/sgeorgiou/GitHub/Rest_and_RPC_research/apache-tomcat-9.0.8/webapps/ROOT] has finished in [7] ms
26-Jun-2018 11:08:40.334 INFO [main] org.apache.catalina.startup.HostConfig.deployDirectory Deploying web application directory [/home/sgeorgiou/GitHub/Rest_and_RPC_research/apache-tomcat-9.0.8/webapps/manager]
26-Jun-2018 11:08:40.345 INFO [main] org.apache.catalina.startup.HostConfig.deployDirectory Deployment of web application directory [/home/sgeorgiou/GitHub/Rest_and_RPC_research/apache-tomcat-9.0.8/webapps/manager] has finished in [10] ms
26-Jun-2018 11:08:40.345 INFO [main] org.apache.catalina.startup.HostConfig.deployDirectory Deploying web application directory [/home/sgeorgiou/GitHub/Rest_and_RPC_research/apache-tomcat-9.0.8/webapps/host-manager]
26-Jun-2018 11:08:40.354 INFO [main] org.apache.catalina.startup.HostConfig.deployDirectory Deployment of web application directory [/home/sgeorgiou/GitHub/Rest_and_RPC_research/apache-tomcat-9.0.8/webapps/host-manager] has finished in [9] ms
26-Jun-2018 11:08:40.355 INFO [main] org.apache.coyote.AbstractProtocol.start Starting ProtocolHandler ["http-nio-195.251.251.27-8080"]
26-Jun-2018 11:08:40.365 INFO [main] org.apache.coyote.AbstractProtocol.start Starting ProtocolHandler ["ajp-nio-8009"]
26-Jun-2018 11:08:40.381 INFO [main] org.apache.catalina.startup.Catalina.start Server startup in 721 ms
26-Jun-2018 11:09:00.322 INFO [main] org.apache.catalina.core.StandardServer.await A valid shutdown command was received via the shutdown port. Stopping the Server instance.
26-Jun-2018 11:09:00.322 INFO [main] org.apache.coyote.AbstractProtocol.pause Pausing ProtocolHandler ["http-nio-195.251.251.27-8080"]
26-Jun-2018 11:09:00.374 INFO [main] org.apache.coyote.AbstractProtocol.pause Pausing ProtocolHandler ["ajp-nio-8009"]
26-Jun-2018 11:09:00.427 INFO [main] org.apache.catalina.core.StandardService.stopInternal Stopping service [Catalina]
26-Jun-2018 11:09:00.465 INFO [main] org.apache.coyote.AbstractProtocol.stop Stopping ProtocolHandler ["http-nio-195.251.251.27-8080"]
26-Jun-2018 11:09:00.467 INFO [main] org.apache.coyote.AbstractProtocol.stop Stopping ProtocolHandler ["ajp-nio-8009"]
26-Jun-2018 11:09:00.468 INFO [main] org.apache.coyote.AbstractProtocol.destroy Destroying ProtocolHandler ["http-nio-195.251.251.27-8080"]
26-Jun-2018 11:09:00.469 INFO [main] org.apache.coyote.AbstractProtocol.destroy Destroying ProtocolHandler ["ajp-nio-8009"]
