19-Jun-2018 17:03:03.282 INFO [main] org.apache.catalina.startup.VersionLoggerListener.log Server version:        Apache Tomcat/9.0.8
19-Jun-2018 17:03:03.328 INFO [main] org.apache.catalina.startup.VersionLoggerListener.log Server built:          Apr 27 2018 19:32:00 UTC
19-Jun-2018 17:03:03.328 INFO [main] org.apache.catalina.startup.VersionLoggerListener.log Server number:         9.0.8.0
19-Jun-2018 17:03:03.328 INFO [main] org.apache.catalina.startup.VersionLoggerListener.log OS Name:               Linux
19-Jun-2018 17:03:03.328 INFO [main] org.apache.catalina.startup.VersionLoggerListener.log OS Version:            4.16.15-200.fc27.x86_64
19-Jun-2018 17:03:03.328 INFO [main] org.apache.catalina.startup.VersionLoggerListener.log Architecture:          amd64
19-Jun-2018 17:03:03.329 INFO [main] org.apache.catalina.startup.VersionLoggerListener.log Java Home:             /usr/lib/jvm/java-1.8.0-openjdk-1.8.0.171-4.b10.fc27.x86_64/jre
19-Jun-2018 17:03:03.329 INFO [main] org.apache.catalina.startup.VersionLoggerListener.log JVM Version:           1.8.0_171-b10
19-Jun-2018 17:03:03.329 INFO [main] org.apache.catalina.startup.VersionLoggerListener.log JVM Vendor:            Oracle Corporation
19-Jun-2018 17:03:03.329 INFO [main] org.apache.catalina.startup.VersionLoggerListener.log CATALINA_BASE:         /home/sgeorgiou/GitHub/Rest_and_RPC_research/apache-tomcat-9.0.8
19-Jun-2018 17:03:03.329 INFO [main] org.apache.catalina.startup.VersionLoggerListener.log CATALINA_HOME:         /home/sgeorgiou/GitHub/Rest_and_RPC_research/apache-tomcat-9.0.8
19-Jun-2018 17:03:03.330 INFO [main] org.apache.catalina.startup.VersionLoggerListener.log Command line argument: -Djava.util.logging.config.file=/home/sgeorgiou/GitHub/Rest_and_RPC_research/apache-tomcat-9.0.8/conf/logging.properties
19-Jun-2018 17:03:03.330 INFO [main] org.apache.catalina.startup.VersionLoggerListener.log Command line argument: -Djava.util.logging.manager=org.apache.juli.ClassLoaderLogManager
19-Jun-2018 17:03:03.330 INFO [main] org.apache.catalina.startup.VersionLoggerListener.log Command line argument: -Djdk.tls.ephemeralDHKeySize=2048
19-Jun-2018 17:03:03.330 INFO [main] org.apache.catalina.startup.VersionLoggerListener.log Command line argument: -Djava.protocol.handler.pkgs=org.apache.catalina.webresources
19-Jun-2018 17:03:03.331 INFO [main] org.apache.catalina.startup.VersionLoggerListener.log Command line argument: -Dorg.apache.catalina.security.SecurityListener.UMASK=0027
19-Jun-2018 17:03:03.331 INFO [main] org.apache.catalina.startup.VersionLoggerListener.log Command line argument: -Dignore.endorsed.dirs=
19-Jun-2018 17:03:03.331 INFO [main] org.apache.catalina.startup.VersionLoggerListener.log Command line argument: -Dcatalina.base=/home/sgeorgiou/GitHub/Rest_and_RPC_research/apache-tomcat-9.0.8
19-Jun-2018 17:03:03.331 INFO [main] org.apache.catalina.startup.VersionLoggerListener.log Command line argument: -Dcatalina.home=/home/sgeorgiou/GitHub/Rest_and_RPC_research/apache-tomcat-9.0.8
19-Jun-2018 17:03:03.331 INFO [main] org.apache.catalina.startup.VersionLoggerListener.log Command line argument: -Djava.io.tmpdir=/home/sgeorgiou/GitHub/Rest_and_RPC_research/apache-tomcat-9.0.8/temp
19-Jun-2018 17:03:03.331 INFO [main] org.apache.catalina.core.AprLifecycleListener.lifecycleEvent The APR based Apache Tomcat Native library which allows optimal performance in production environments was not found on the java.library.path: [/usr/java/packages/lib/amd64:/usr/lib64:/lib64:/lib:/usr/lib]
19-Jun-2018 17:03:03.564 INFO [main] org.apache.coyote.AbstractProtocol.init Initializing ProtocolHandler ["http-nio-195.251.251.27-8080"]
19-Jun-2018 17:03:03.570 INFO [main] org.apache.tomcat.util.net.NioSelectorPool.getSharedSelector Using a shared selector for servlet write/read
19-Jun-2018 17:03:03.574 INFO [main] org.apache.coyote.AbstractProtocol.init Initializing ProtocolHandler ["ajp-nio-8009"]
19-Jun-2018 17:03:03.574 INFO [main] org.apache.tomcat.util.net.NioSelectorPool.getSharedSelector Using a shared selector for servlet write/read
19-Jun-2018 17:03:03.574 INFO [main] org.apache.catalina.startup.Catalina.load Initialization processed in 956 ms
19-Jun-2018 17:03:03.647 INFO [main] org.apache.catalina.core.StandardService.startInternal Starting service [Catalina]
19-Jun-2018 17:03:03.647 INFO [main] org.apache.catalina.core.StandardEngine.startInternal Starting Servlet Engine: Apache Tomcat/9.0.8
19-Jun-2018 17:03:03.738 INFO [main] org.apache.catalina.startup.HostConfig.deployWAR Deploying web application archive [/home/sgeorgiou/GitHub/Rest_and_RPC_research/apache-tomcat-9.0.8/webapps/RESTfulServer.war]
19-Jun-2018 17:03:04.448 INFO [main] org.apache.jasper.servlet.TldScanner.scanJars At least one JAR was scanned for TLDs yet contained no TLDs. Enable debug logging for this logger for a complete list of JARs that were scanned but no TLDs were found in them. Skipping unneeded JARs during scanning can improve startup time and JSP compilation time.
19-Jun-2018 17:03:04.529 INFO [main] com.sun.jersey.api.core.PackagesResourceConfig.init Scanning for root resource and provider classes in the packages:
  com.mkyong.rest
19-Jun-2018 17:03:04.541 INFO [main] com.sun.jersey.api.core.ScanningResourceConfig.logClasses Root resource classes found:
  class com.mkyong.rest.HelloWorldService
19-Jun-2018 17:03:04.541 INFO [main] com.sun.jersey.api.core.ScanningResourceConfig.init No provider classes found.
19-Jun-2018 17:03:04.587 INFO [main] com.sun.jersey.server.impl.application.WebApplicationImpl._initiate Initiating Jersey application, version 'Jersey: 1.8 06/24/2011 12:17 PM'
19-Jun-2018 17:03:04.949 INFO [main] org.apache.catalina.startup.HostConfig.deployWAR Deployment of web application archive [/home/sgeorgiou/GitHub/Rest_and_RPC_research/apache-tomcat-9.0.8/webapps/RESTfulServer.war] has finished in [1,211] ms
19-Jun-2018 17:03:04.950 INFO [main] org.apache.catalina.startup.HostConfig.deployDirectory Deploying web application directory [/home/sgeorgiou/GitHub/Rest_and_RPC_research/apache-tomcat-9.0.8/webapps/docs]
19-Jun-2018 17:03:04.959 INFO [main] org.apache.catalina.startup.HostConfig.deployDirectory Deployment of web application directory [/home/sgeorgiou/GitHub/Rest_and_RPC_research/apache-tomcat-9.0.8/webapps/docs] has finished in [9] ms
19-Jun-2018 17:03:04.959 INFO [main] org.apache.catalina.startup.HostConfig.deployDirectory Deploying web application directory [/home/sgeorgiou/GitHub/Rest_and_RPC_research/apache-tomcat-9.0.8/webapps/examples]
19-Jun-2018 17:03:05.143 INFO [main] org.apache.catalina.startup.HostConfig.deployDirectory Deployment of web application directory [/home/sgeorgiou/GitHub/Rest_and_RPC_research/apache-tomcat-9.0.8/webapps/examples] has finished in [183] ms
19-Jun-2018 17:03:05.143 INFO [main] org.apache.catalina.startup.HostConfig.deployDirectory Deploying web application directory [/home/sgeorgiou/GitHub/Rest_and_RPC_research/apache-tomcat-9.0.8/webapps/ROOT]
19-Jun-2018 17:03:05.149 INFO [main] org.apache.catalina.startup.HostConfig.deployDirectory Deployment of web application directory [/home/sgeorgiou/GitHub/Rest_and_RPC_research/apache-tomcat-9.0.8/webapps/ROOT] has finished in [6] ms
19-Jun-2018 17:03:05.150 INFO [main] org.apache.catalina.startup.HostConfig.deployDirectory Deploying web application directory [/home/sgeorgiou/GitHub/Rest_and_RPC_research/apache-tomcat-9.0.8/webapps/manager]
19-Jun-2018 17:03:05.167 INFO [main] org.apache.catalina.startup.HostConfig.deployDirectory Deployment of web application directory [/home/sgeorgiou/GitHub/Rest_and_RPC_research/apache-tomcat-9.0.8/webapps/manager] has finished in [18] ms
19-Jun-2018 17:03:05.167 INFO [main] org.apache.catalina.startup.HostConfig.deployDirectory Deploying web application directory [/home/sgeorgiou/GitHub/Rest_and_RPC_research/apache-tomcat-9.0.8/webapps/host-manager]
19-Jun-2018 17:03:05.176 INFO [main] org.apache.catalina.startup.HostConfig.deployDirectory Deployment of web application directory [/home/sgeorgiou/GitHub/Rest_and_RPC_research/apache-tomcat-9.0.8/webapps/host-manager] has finished in [9] ms
19-Jun-2018 17:03:05.178 INFO [main] org.apache.coyote.AbstractProtocol.start Starting ProtocolHandler ["http-nio-195.251.251.27-8080"]
19-Jun-2018 17:03:05.186 INFO [main] org.apache.coyote.AbstractProtocol.start Starting ProtocolHandler ["ajp-nio-8009"]
19-Jun-2018 17:03:05.197 INFO [main] org.apache.catalina.startup.Catalina.start Server startup in 1621 ms
19-Jun-2018 17:03:47.087 INFO [main] org.apache.catalina.core.StandardServer.await A valid shutdown command was received via the shutdown port. Stopping the Server instance.
19-Jun-2018 17:03:47.087 INFO [main] org.apache.coyote.AbstractProtocol.pause Pausing ProtocolHandler ["http-nio-195.251.251.27-8080"]
19-Jun-2018 17:03:47.139 INFO [main] org.apache.coyote.AbstractProtocol.pause Pausing ProtocolHandler ["ajp-nio-8009"]
19-Jun-2018 17:03:47.191 INFO [main] org.apache.catalina.core.StandardService.stopInternal Stopping service [Catalina]
19-Jun-2018 17:03:47.259 INFO [main] org.apache.coyote.AbstractProtocol.stop Stopping ProtocolHandler ["http-nio-195.251.251.27-8080"]
19-Jun-2018 17:03:47.261 INFO [main] org.apache.coyote.AbstractProtocol.stop Stopping ProtocolHandler ["ajp-nio-8009"]
19-Jun-2018 17:03:47.263 INFO [main] org.apache.coyote.AbstractProtocol.destroy Destroying ProtocolHandler ["http-nio-195.251.251.27-8080"]
19-Jun-2018 17:03:47.264 INFO [main] org.apache.coyote.AbstractProtocol.destroy Destroying ProtocolHandler ["ajp-nio-8009"]
19-Jun-2018 17:30:07.087 INFO [main] org.apache.catalina.startup.VersionLoggerListener.log Server version:        Apache Tomcat/9.0.8
19-Jun-2018 17:30:07.089 INFO [main] org.apache.catalina.startup.VersionLoggerListener.log Server built:          Apr 27 2018 19:32:00 UTC
19-Jun-2018 17:30:07.089 INFO [main] org.apache.catalina.startup.VersionLoggerListener.log Server number:         9.0.8.0
19-Jun-2018 17:30:07.089 INFO [main] org.apache.catalina.startup.VersionLoggerListener.log OS Name:               Linux
19-Jun-2018 17:30:07.089 INFO [main] org.apache.catalina.startup.VersionLoggerListener.log OS Version:            4.16.15-200.fc27.x86_64
19-Jun-2018 17:30:07.089 INFO [main] org.apache.catalina.startup.VersionLoggerListener.log Architecture:          amd64
19-Jun-2018 17:30:07.089 INFO [main] org.apache.catalina.startup.VersionLoggerListener.log Java Home:             /usr/lib/jvm/java-1.8.0-openjdk-1.8.0.171-4.b10.fc27.x86_64/jre
19-Jun-2018 17:30:07.089 INFO [main] org.apache.catalina.startup.VersionLoggerListener.log JVM Version:           1.8.0_171-b10
19-Jun-2018 17:30:07.089 INFO [main] org.apache.catalina.startup.VersionLoggerListener.log JVM Vendor:            Oracle Corporation
19-Jun-2018 17:30:07.089 INFO [main] org.apache.catalina.startup.VersionLoggerListener.log CATALINA_BASE:         /home/sgeorgiou/GitHub/Rest_and_RPC_research/apache-tomcat-9.0.8
19-Jun-2018 17:30:07.089 INFO [main] org.apache.catalina.startup.VersionLoggerListener.log CATALINA_HOME:         /home/sgeorgiou/GitHub/Rest_and_RPC_research/apache-tomcat-9.0.8
19-Jun-2018 17:30:07.089 INFO [main] org.apache.catalina.startup.VersionLoggerListener.log Command line argument: -Djava.util.logging.config.file=/home/sgeorgiou/GitHub/Rest_and_RPC_research/apache-tomcat-9.0.8/conf/logging.properties
19-Jun-2018 17:30:07.089 INFO [main] org.apache.catalina.startup.VersionLoggerListener.log Command line argument: -Djava.util.logging.manager=org.apache.juli.ClassLoaderLogManager
19-Jun-2018 17:30:07.089 INFO [main] org.apache.catalina.startup.VersionLoggerListener.log Command line argument: -Djdk.tls.ephemeralDHKeySize=2048
19-Jun-2018 17:30:07.089 INFO [main] org.apache.catalina.startup.VersionLoggerListener.log Command line argument: -Djava.protocol.handler.pkgs=org.apache.catalina.webresources
19-Jun-2018 17:30:07.089 INFO [main] org.apache.catalina.startup.VersionLoggerListener.log Command line argument: -Dorg.apache.catalina.security.SecurityListener.UMASK=0027
19-Jun-2018 17:30:07.089 INFO [main] org.apache.catalina.startup.VersionLoggerListener.log Command line argument: -Dignore.endorsed.dirs=
19-Jun-2018 17:30:07.089 INFO [main] org.apache.catalina.startup.VersionLoggerListener.log Command line argument: -Dcatalina.base=/home/sgeorgiou/GitHub/Rest_and_RPC_research/apache-tomcat-9.0.8
19-Jun-2018 17:30:07.090 INFO [main] org.apache.catalina.startup.VersionLoggerListener.log Command line argument: -Dcatalina.home=/home/sgeorgiou/GitHub/Rest_and_RPC_research/apache-tomcat-9.0.8
19-Jun-2018 17:30:07.090 INFO [main] org.apache.catalina.startup.VersionLoggerListener.log Command line argument: -Djava.io.tmpdir=/home/sgeorgiou/GitHub/Rest_and_RPC_research/apache-tomcat-9.0.8/temp
19-Jun-2018 17:30:07.090 INFO [main] org.apache.catalina.core.AprLifecycleListener.lifecycleEvent The APR based Apache Tomcat Native library which allows optimal performance in production environments was not found on the java.library.path: [/usr/java/packages/lib/amd64:/usr/lib64:/lib64:/lib:/usr/lib]
19-Jun-2018 17:30:07.130 INFO [main] org.apache.coyote.AbstractProtocol.init Initializing ProtocolHandler ["http-nio-195.251.251.27-8080"]
19-Jun-2018 17:30:07.136 INFO [main] org.apache.tomcat.util.net.NioSelectorPool.getSharedSelector Using a shared selector for servlet write/read
19-Jun-2018 17:30:07.139 INFO [main] org.apache.coyote.AbstractProtocol.init Initializing ProtocolHandler ["ajp-nio-8009"]
19-Jun-2018 17:30:07.140 INFO [main] org.apache.tomcat.util.net.NioSelectorPool.getSharedSelector Using a shared selector for servlet write/read
19-Jun-2018 17:30:07.140 INFO [main] org.apache.catalina.startup.Catalina.load Initialization processed in 246 ms
19-Jun-2018 17:30:07.153 INFO [main] org.apache.catalina.core.StandardService.startInternal Starting service [Catalina]
19-Jun-2018 17:30:07.153 INFO [main] org.apache.catalina.core.StandardEngine.startInternal Starting Servlet Engine: Apache Tomcat/9.0.8
19-Jun-2018 17:30:07.164 INFO [main] org.apache.catalina.startup.HostConfig.deployWAR Deploying web application archive [/home/sgeorgiou/GitHub/Rest_and_RPC_research/apache-tomcat-9.0.8/webapps/RESTfulServer.war]
19-Jun-2018 17:30:07.410 INFO [main] org.apache.jasper.servlet.TldScanner.scanJars At least one JAR was scanned for TLDs yet contained no TLDs. Enable debug logging for this logger for a complete list of JARs that were scanned but no TLDs were found in them. Skipping unneeded JARs during scanning can improve startup time and JSP compilation time.
19-Jun-2018 17:30:07.433 INFO [main] com.sun.jersey.api.core.PackagesResourceConfig.init Scanning for root resource and provider classes in the packages:
  com.mkyong.rest
19-Jun-2018 17:30:07.445 INFO [main] com.sun.jersey.api.core.ScanningResourceConfig.logClasses Root resource classes found:
  class com.mkyong.rest.HelloWorldService
19-Jun-2018 17:30:07.445 INFO [main] com.sun.jersey.api.core.ScanningResourceConfig.init No provider classes found.
19-Jun-2018 17:30:07.482 INFO [main] com.sun.jersey.server.impl.application.WebApplicationImpl._initiate Initiating Jersey application, version 'Jersey: 1.8 06/24/2011 12:17 PM'
19-Jun-2018 17:30:07.728 INFO [main] org.apache.catalina.startup.HostConfig.deployWAR Deployment of web application archive [/home/sgeorgiou/GitHub/Rest_and_RPC_research/apache-tomcat-9.0.8/webapps/RESTfulServer.war] has finished in [564] ms
19-Jun-2018 17:30:07.729 INFO [main] org.apache.catalina.startup.HostConfig.deployDirectory Deploying web application directory [/home/sgeorgiou/GitHub/Rest_and_RPC_research/apache-tomcat-9.0.8/webapps/docs]
19-Jun-2018 17:30:07.736 INFO [main] org.apache.catalina.startup.HostConfig.deployDirectory Deployment of web application directory [/home/sgeorgiou/GitHub/Rest_and_RPC_research/apache-tomcat-9.0.8/webapps/docs] has finished in [7] ms
19-Jun-2018 17:30:07.736 INFO [main] org.apache.catalina.startup.HostConfig.deployDirectory Deploying web application directory [/home/sgeorgiou/GitHub/Rest_and_RPC_research/apache-tomcat-9.0.8/webapps/examples]
19-Jun-2018 17:30:07.845 INFO [main] org.apache.catalina.startup.HostConfig.deployDirectory Deployment of web application directory [/home/sgeorgiou/GitHub/Rest_and_RPC_research/apache-tomcat-9.0.8/webapps/examples] has finished in [109] ms
19-Jun-2018 17:30:07.845 INFO [main] org.apache.catalina.startup.HostConfig.deployDirectory Deploying web application directory [/home/sgeorgiou/GitHub/Rest_and_RPC_research/apache-tomcat-9.0.8/webapps/ROOT]
19-Jun-2018 17:30:07.854 INFO [main] org.apache.catalina.startup.HostConfig.deployDirectory Deployment of web application directory [/home/sgeorgiou/GitHub/Rest_and_RPC_research/apache-tomcat-9.0.8/webapps/ROOT] has finished in [9] ms
19-Jun-2018 17:30:07.854 INFO [main] org.apache.catalina.startup.HostConfig.deployDirectory Deploying web application directory [/home/sgeorgiou/GitHub/Rest_and_RPC_research/apache-tomcat-9.0.8/webapps/manager]
19-Jun-2018 17:30:07.868 INFO [main] org.apache.catalina.startup.HostConfig.deployDirectory Deployment of web application directory [/home/sgeorgiou/GitHub/Rest_and_RPC_research/apache-tomcat-9.0.8/webapps/manager] has finished in [14] ms
19-Jun-2018 17:30:07.868 INFO [main] org.apache.catalina.startup.HostConfig.deployDirectory Deploying web application directory [/home/sgeorgiou/GitHub/Rest_and_RPC_research/apache-tomcat-9.0.8/webapps/host-manager]
19-Jun-2018 17:30:07.878 INFO [main] org.apache.catalina.startup.HostConfig.deployDirectory Deployment of web application directory [/home/sgeorgiou/GitHub/Rest_and_RPC_research/apache-tomcat-9.0.8/webapps/host-manager] has finished in [10] ms
19-Jun-2018 17:30:07.880 INFO [main] org.apache.coyote.AbstractProtocol.start Starting ProtocolHandler ["http-nio-195.251.251.27-8080"]
19-Jun-2018 17:30:07.884 INFO [main] org.apache.coyote.AbstractProtocol.start Starting ProtocolHandler ["ajp-nio-8009"]
19-Jun-2018 17:30:07.899 INFO [main] org.apache.catalina.startup.Catalina.start Server startup in 758 ms
19-Jun-2018 17:30:53.343 INFO [main] org.apache.catalina.core.StandardServer.await A valid shutdown command was received via the shutdown port. Stopping the Server instance.
19-Jun-2018 17:30:53.344 INFO [main] org.apache.coyote.AbstractProtocol.pause Pausing ProtocolHandler ["http-nio-195.251.251.27-8080"]
19-Jun-2018 17:30:53.395 INFO [main] org.apache.coyote.AbstractProtocol.pause Pausing ProtocolHandler ["ajp-nio-8009"]
19-Jun-2018 17:30:53.446 INFO [main] org.apache.catalina.core.StandardService.stopInternal Stopping service [Catalina]
19-Jun-2018 17:30:53.480 INFO [main] org.apache.coyote.AbstractProtocol.stop Stopping ProtocolHandler ["http-nio-195.251.251.27-8080"]
19-Jun-2018 17:30:53.482 INFO [main] org.apache.coyote.AbstractProtocol.stop Stopping ProtocolHandler ["ajp-nio-8009"]
19-Jun-2018 17:30:53.487 INFO [main] org.apache.coyote.AbstractProtocol.destroy Destroying ProtocolHandler ["http-nio-195.251.251.27-8080"]
19-Jun-2018 17:30:53.488 INFO [main] org.apache.coyote.AbstractProtocol.destroy Destroying ProtocolHandler ["ajp-nio-8009"]
