21-May-2018 09:54:48.557 INFO [main] org.apache.catalina.core.ApplicationContext.log ContextListener: contextInitialized()
21-May-2018 09:54:48.557 INFO [main] org.apache.catalina.core.ApplicationContext.log SessionListener: contextInitialized()
21-May-2018 09:54:48.558 INFO [main] org.apache.catalina.core.ApplicationContext.log ContextListener: attributeAdded('StockTicker', 'async.Stockticker@55e7a35c')
21-May-2018 09:55:30.457 INFO [main] org.apache.catalina.core.ApplicationContext.log SessionListener: contextDestroyed()
21-May-2018 09:55:30.457 INFO [main] org.apache.catalina.core.ApplicationContext.log ContextListener: contextDestroyed()
21-May-2018 10:03:18.108 INFO [main] org.apache.catalina.core.ApplicationContext.log ContextListener: contextInitialized()
21-May-2018 10:03:18.108 INFO [main] org.apache.catalina.core.ApplicationContext.log SessionListener: contextInitialized()
21-May-2018 10:03:18.109 INFO [main] org.apache.catalina.core.ApplicationContext.log ContextListener: attributeAdded('StockTicker', 'async.Stockticker@37cd92d6')
21-May-2018 10:04:02.018 INFO [main] org.apache.catalina.core.ApplicationContext.log SessionListener: contextDestroyed()
21-May-2018 10:04:02.018 INFO [main] org.apache.catalina.core.ApplicationContext.log ContextListener: contextDestroyed()
21-May-2018 10:11:03.323 INFO [main] org.apache.catalina.core.ApplicationContext.log ContextListener: contextInitialized()
21-May-2018 10:11:03.324 INFO [main] org.apache.catalina.core.ApplicationContext.log SessionListener: contextInitialized()
21-May-2018 10:11:03.324 INFO [main] org.apache.catalina.core.ApplicationContext.log ContextListener: attributeAdded('StockTicker', 'async.Stockticker@37cd92d6')
21-May-2018 10:11:44.138 INFO [main] org.apache.catalina.core.ApplicationContext.log SessionListener: contextDestroyed()
21-May-2018 10:11:44.138 INFO [main] org.apache.catalina.core.ApplicationContext.log ContextListener: contextDestroyed()
21-May-2018 10:16:10.140 INFO [main] org.apache.catalina.core.ApplicationContext.log ContextListener: contextInitialized()
21-May-2018 10:16:10.140 INFO [main] org.apache.catalina.core.ApplicationContext.log SessionListener: contextInitialized()
21-May-2018 10:16:10.142 INFO [main] org.apache.catalina.core.ApplicationContext.log ContextListener: attributeAdded('StockTicker', 'async.Stockticker@37cd92d6')
21-May-2018 10:16:52.904 INFO [main] org.apache.catalina.core.ApplicationContext.log SessionListener: contextDestroyed()
21-May-2018 10:16:52.904 INFO [main] org.apache.catalina.core.ApplicationContext.log ContextListener: contextDestroyed()
21-May-2018 10:20:44.862 INFO [main] org.apache.catalina.core.ApplicationContext.log ContextListener: contextInitialized()
21-May-2018 10:20:44.862 INFO [main] org.apache.catalina.core.ApplicationContext.log SessionListener: contextInitialized()
21-May-2018 10:20:44.863 INFO [main] org.apache.catalina.core.ApplicationContext.log ContextListener: attributeAdded('StockTicker', 'async.Stockticker@55e7a35c')
21-May-2018 10:21:25.946 INFO [main] org.apache.catalina.core.ApplicationContext.log SessionListener: contextDestroyed()
21-May-2018 10:21:25.946 INFO [main] org.apache.catalina.core.ApplicationContext.log ContextListener: contextDestroyed()
