16-May-2018 13:43:18.389 INFO [main] org.apache.catalina.core.ApplicationContext.log ContextListener: contextInitialized()
16-May-2018 13:43:18.389 INFO [main] org.apache.catalina.core.ApplicationContext.log SessionListener: contextInitialized()
16-May-2018 13:43:18.390 INFO [main] org.apache.catalina.core.ApplicationContext.log ContextListener: attributeAdded('StockTicker', 'async.Stockticker@37cd92d6')
16-May-2018 14:23:37.818 INFO [main] org.apache.catalina.core.ApplicationContext.log ContextListener: contextInitialized()
16-May-2018 14:23:37.818 INFO [main] org.apache.catalina.core.ApplicationContext.log SessionListener: contextInitialized()
16-May-2018 14:23:37.818 INFO [main] org.apache.catalina.core.ApplicationContext.log ContextListener: attributeAdded('StockTicker', 'async.Stockticker@37cd92d6')
16-May-2018 14:50:53.333 INFO [main] org.apache.catalina.core.ApplicationContext.log ContextListener: contextInitialized()
16-May-2018 14:50:53.333 INFO [main] org.apache.catalina.core.ApplicationContext.log SessionListener: contextInitialized()
16-May-2018 14:50:53.334 INFO [main] org.apache.catalina.core.ApplicationContext.log ContextListener: attributeAdded('StockTicker', 'async.Stockticker@37cd92d6')
16-May-2018 15:31:16.777 INFO [main] org.apache.catalina.core.ApplicationContext.log ContextListener: contextInitialized()
16-May-2018 15:31:16.777 INFO [main] org.apache.catalina.core.ApplicationContext.log SessionListener: contextInitialized()
16-May-2018 15:31:16.778 INFO [main] org.apache.catalina.core.ApplicationContext.log ContextListener: attributeAdded('StockTicker', 'async.Stockticker@37cd92d6')
16-May-2018 15:34:40.451 INFO [main] org.apache.catalina.core.ApplicationContext.log ContextListener: contextInitialized()
16-May-2018 15:34:40.451 INFO [main] org.apache.catalina.core.ApplicationContext.log SessionListener: contextInitialized()
16-May-2018 15:34:40.451 INFO [main] org.apache.catalina.core.ApplicationContext.log ContextListener: attributeAdded('StockTicker', 'async.Stockticker@687a762c')
16-May-2018 15:34:40.488 INFO [main] org.apache.catalina.core.ApplicationContext.log SessionListener: contextDestroyed()
16-May-2018 15:34:40.488 INFO [main] org.apache.catalina.core.ApplicationContext.log ContextListener: contextDestroyed()
16-May-2018 15:46:06.072 INFO [main] org.apache.catalina.core.ApplicationContext.log ContextListener: contextInitialized()
16-May-2018 15:46:06.072 INFO [main] org.apache.catalina.core.ApplicationContext.log SessionListener: contextInitialized()
16-May-2018 15:46:06.073 INFO [main] org.apache.catalina.core.ApplicationContext.log ContextListener: attributeAdded('StockTicker', 'async.Stockticker@3f093abe')
16-May-2018 15:46:06.110 INFO [main] org.apache.catalina.core.ApplicationContext.log SessionListener: contextDestroyed()
16-May-2018 15:46:06.110 INFO [main] org.apache.catalina.core.ApplicationContext.log ContextListener: contextDestroyed()
16-May-2018 15:51:35.548 INFO [main] org.apache.catalina.core.ApplicationContext.log ContextListener: contextInitialized()
16-May-2018 15:51:35.548 INFO [main] org.apache.catalina.core.ApplicationContext.log SessionListener: contextInitialized()
16-May-2018 15:51:35.549 INFO [main] org.apache.catalina.core.ApplicationContext.log ContextListener: attributeAdded('StockTicker', 'async.Stockticker@687a762c')
16-May-2018 15:51:35.589 INFO [main] org.apache.catalina.core.ApplicationContext.log SessionListener: contextDestroyed()
16-May-2018 15:51:35.590 INFO [main] org.apache.catalina.core.ApplicationContext.log ContextListener: contextDestroyed()
16-May-2018 15:58:47.759 INFO [main] org.apache.catalina.core.ApplicationContext.log ContextListener: contextInitialized()
16-May-2018 15:58:47.759 INFO [main] org.apache.catalina.core.ApplicationContext.log SessionListener: contextInitialized()
16-May-2018 15:58:47.760 INFO [main] org.apache.catalina.core.ApplicationContext.log ContextListener: attributeAdded('StockTicker', 'async.Stockticker@687a762c')
16-May-2018 15:58:47.796 INFO [main] org.apache.catalina.core.ApplicationContext.log SessionListener: contextDestroyed()
16-May-2018 15:58:47.796 INFO [main] org.apache.catalina.core.ApplicationContext.log ContextListener: contextDestroyed()
16-May-2018 16:17:42.700 INFO [main] org.apache.catalina.core.ApplicationContext.log ContextListener: contextInitialized()
16-May-2018 16:17:42.700 INFO [main] org.apache.catalina.core.ApplicationContext.log SessionListener: contextInitialized()
16-May-2018 16:17:42.701 INFO [main] org.apache.catalina.core.ApplicationContext.log ContextListener: attributeAdded('StockTicker', 'async.Stockticker@687a762c')
16-May-2018 16:17:42.755 INFO [main] org.apache.catalina.core.ApplicationContext.log SessionListener: contextDestroyed()
16-May-2018 16:17:42.755 INFO [main] org.apache.catalina.core.ApplicationContext.log ContextListener: contextDestroyed()
16-May-2018 16:26:55.934 INFO [main] org.apache.catalina.core.ApplicationContext.log ContextListener: contextInitialized()
16-May-2018 16:26:55.934 INFO [main] org.apache.catalina.core.ApplicationContext.log SessionListener: contextInitialized()
16-May-2018 16:26:55.935 INFO [main] org.apache.catalina.core.ApplicationContext.log ContextListener: attributeAdded('StockTicker', 'async.Stockticker@687a762c')
16-May-2018 16:26:55.989 INFO [main] org.apache.catalina.core.ApplicationContext.log SessionListener: contextDestroyed()
16-May-2018 16:26:55.989 INFO [main] org.apache.catalina.core.ApplicationContext.log ContextListener: contextDestroyed()
16-May-2018 16:41:08.585 INFO [main] org.apache.catalina.core.ApplicationContext.log ContextListener: contextInitialized()
16-May-2018 16:41:08.585 INFO [main] org.apache.catalina.core.ApplicationContext.log SessionListener: contextInitialized()
16-May-2018 16:41:08.585 INFO [main] org.apache.catalina.core.ApplicationContext.log ContextListener: attributeAdded('StockTicker', 'async.Stockticker@37cd92d6')
