14-May-2018 14:38:15.193 INFO [main] org.apache.catalina.core.ApplicationContext.log ContextListener: contextInitialized()
14-May-2018 14:38:15.194 INFO [main] org.apache.catalina.core.ApplicationContext.log SessionListener: contextInitialized()
14-May-2018 14:38:15.194 INFO [main] org.apache.catalina.core.ApplicationContext.log ContextListener: attributeAdded('StockTicker', 'async.Stockticker@776aec5c')
14-May-2018 15:46:31.532 INFO [main] org.apache.catalina.core.ApplicationContext.log ContextListener: contextInitialized()
14-May-2018 15:46:31.532 INFO [main] org.apache.catalina.core.ApplicationContext.log SessionListener: contextInitialized()
14-May-2018 15:46:31.533 INFO [main] org.apache.catalina.core.ApplicationContext.log ContextListener: attributeAdded('StockTicker', 'async.Stockticker@776aec5c')
14-May-2018 15:46:31.630 INFO [main] org.apache.catalina.core.ApplicationContext.log SessionListener: contextDestroyed()
14-May-2018 15:46:31.630 INFO [main] org.apache.catalina.core.ApplicationContext.log ContextListener: contextDestroyed()
14-May-2018 15:47:51.456 INFO [main] org.apache.catalina.core.ApplicationContext.log SessionListener: contextDestroyed()
14-May-2018 15:47:51.456 INFO [main] org.apache.catalina.core.ApplicationContext.log ContextListener: contextDestroyed()
14-May-2018 15:48:00.107 INFO [main] org.apache.catalina.core.ApplicationContext.log ContextListener: contextInitialized()
14-May-2018 15:48:00.107 INFO [main] org.apache.catalina.core.ApplicationContext.log SessionListener: contextInitialized()
14-May-2018 15:48:00.107 INFO [main] org.apache.catalina.core.ApplicationContext.log ContextListener: attributeAdded('StockTicker', 'async.Stockticker@5bf0d49')
14-May-2018 16:05:07.654 INFO [main] org.apache.catalina.core.ApplicationContext.log SessionListener: contextDestroyed()
14-May-2018 16:05:07.654 INFO [main] org.apache.catalina.core.ApplicationContext.log ContextListener: contextDestroyed()
14-May-2018 16:12:01.806 INFO [main] org.apache.catalina.core.ApplicationContext.log ContextListener: contextInitialized()
14-May-2018 16:12:01.807 INFO [main] org.apache.catalina.core.ApplicationContext.log SessionListener: contextInitialized()
14-May-2018 16:12:01.807 INFO [main] org.apache.catalina.core.ApplicationContext.log ContextListener: attributeAdded('StockTicker', 'async.Stockticker@37cd92d6')
14-May-2018 16:12:50.762 INFO [main] org.apache.catalina.core.ApplicationContext.log SessionListener: contextDestroyed()
14-May-2018 16:12:50.762 INFO [main] org.apache.catalina.core.ApplicationContext.log ContextListener: contextDestroyed()
14-May-2018 16:12:53.628 INFO [main] org.apache.catalina.core.ApplicationContext.log ContextListener: contextInitialized()
14-May-2018 16:12:53.628 INFO [main] org.apache.catalina.core.ApplicationContext.log SessionListener: contextInitialized()
14-May-2018 16:12:53.629 INFO [main] org.apache.catalina.core.ApplicationContext.log ContextListener: attributeAdded('StockTicker', 'async.Stockticker@37cd92d6')
14-May-2018 16:14:07.389 INFO [main] org.apache.catalina.core.ApplicationContext.log SessionListener: contextDestroyed()
14-May-2018 16:14:07.390 INFO [main] org.apache.catalina.core.ApplicationContext.log ContextListener: contextDestroyed()
14-May-2018 16:14:10.130 INFO [main] org.apache.catalina.core.ApplicationContext.log ContextListener: contextInitialized()
14-May-2018 16:14:10.131 INFO [main] org.apache.catalina.core.ApplicationContext.log SessionListener: contextInitialized()
14-May-2018 16:14:10.131 INFO [main] org.apache.catalina.core.ApplicationContext.log ContextListener: attributeAdded('StockTicker', 'async.Stockticker@1ac85b0c')
14-May-2018 16:17:15.003 INFO [main] org.apache.catalina.core.ApplicationContext.log SessionListener: contextDestroyed()
14-May-2018 16:17:15.003 INFO [main] org.apache.catalina.core.ApplicationContext.log ContextListener: contextDestroyed()
14-May-2018 16:17:20.103 INFO [main] org.apache.catalina.core.ApplicationContext.log ContextListener: contextInitialized()
14-May-2018 16:17:20.103 INFO [main] org.apache.catalina.core.ApplicationContext.log SessionListener: contextInitialized()
14-May-2018 16:17:20.104 INFO [main] org.apache.catalina.core.ApplicationContext.log ContextListener: attributeAdded('StockTicker', 'async.Stockticker@37cd92d6')
14-May-2018 16:23:50.133 INFO [main] org.apache.catalina.core.ApplicationContext.log SessionListener: contextDestroyed()
14-May-2018 16:23:50.134 INFO [main] org.apache.catalina.core.ApplicationContext.log ContextListener: contextDestroyed()
14-May-2018 16:23:52.788 INFO [main] org.apache.catalina.core.ApplicationContext.log ContextListener: contextInitialized()
14-May-2018 16:23:52.788 INFO [main] org.apache.catalina.core.ApplicationContext.log SessionListener: contextInitialized()
14-May-2018 16:23:52.789 INFO [main] org.apache.catalina.core.ApplicationContext.log ContextListener: attributeAdded('StockTicker', 'async.Stockticker@1ac85b0c')
14-May-2018 16:26:59.082 INFO [main] org.apache.catalina.core.ApplicationContext.log ContextListener: contextInitialized()
14-May-2018 16:26:59.082 INFO [main] org.apache.catalina.core.ApplicationContext.log SessionListener: contextInitialized()
14-May-2018 16:26:59.083 INFO [main] org.apache.catalina.core.ApplicationContext.log ContextListener: attributeAdded('StockTicker', 'async.Stockticker@687a762c')
14-May-2018 16:26:59.120 INFO [main] org.apache.catalina.core.ApplicationContext.log SessionListener: contextDestroyed()
14-May-2018 16:26:59.120 INFO [main] org.apache.catalina.core.ApplicationContext.log ContextListener: contextDestroyed()
14-May-2018 16:28:35.307 INFO [main] org.apache.catalina.core.ApplicationContext.log SessionListener: contextDestroyed()
14-May-2018 16:28:35.307 INFO [main] org.apache.catalina.core.ApplicationContext.log ContextListener: contextDestroyed()
14-May-2018 16:28:38.435 INFO [main] org.apache.catalina.core.ApplicationContext.log ContextListener: contextInitialized()
14-May-2018 16:28:38.435 INFO [main] org.apache.catalina.core.ApplicationContext.log SessionListener: contextInitialized()
14-May-2018 16:28:38.436 INFO [main] org.apache.catalina.core.ApplicationContext.log ContextListener: attributeAdded('StockTicker', 'async.Stockticker@37cd92d6')
14-May-2018 16:32:08.371 INFO [main] org.apache.catalina.core.ApplicationContext.log SessionListener: contextDestroyed()
14-May-2018 16:32:08.371 INFO [main] org.apache.catalina.core.ApplicationContext.log ContextListener: contextDestroyed()
14-May-2018 16:32:11.569 INFO [main] org.apache.catalina.core.ApplicationContext.log ContextListener: contextInitialized()
14-May-2018 16:32:11.569 INFO [main] org.apache.catalina.core.ApplicationContext.log SessionListener: contextInitialized()
14-May-2018 16:32:11.569 INFO [main] org.apache.catalina.core.ApplicationContext.log ContextListener: attributeAdded('StockTicker', 'async.Stockticker@37cd92d6')
14-May-2018 16:58:05.459 INFO [main] org.apache.catalina.core.ApplicationContext.log SessionListener: contextDestroyed()
14-May-2018 16:58:05.459 INFO [main] org.apache.catalina.core.ApplicationContext.log ContextListener: contextDestroyed()
14-May-2018 16:58:08.330 INFO [main] org.apache.catalina.core.ApplicationContext.log ContextListener: contextInitialized()
14-May-2018 16:58:08.330 INFO [main] org.apache.catalina.core.ApplicationContext.log SessionListener: contextInitialized()
14-May-2018 16:58:08.331 INFO [main] org.apache.catalina.core.ApplicationContext.log ContextListener: attributeAdded('StockTicker', 'async.Stockticker@37cd92d6')
14-May-2018 17:36:24.696 INFO [main] org.apache.catalina.core.ApplicationContext.log ContextListener: contextInitialized()
14-May-2018 17:36:24.696 INFO [main] org.apache.catalina.core.ApplicationContext.log SessionListener: contextInitialized()
14-May-2018 17:36:24.697 INFO [main] org.apache.catalina.core.ApplicationContext.log ContextListener: attributeAdded('StockTicker', 'async.Stockticker@687a762c')
14-May-2018 17:36:24.733 INFO [main] org.apache.catalina.core.ApplicationContext.log SessionListener: contextDestroyed()
14-May-2018 17:36:24.733 INFO [main] org.apache.catalina.core.ApplicationContext.log ContextListener: contextDestroyed()
