24-May-2018 00:00:07.460 INFO [main] org.apache.catalina.core.ApplicationContext.log ContextListener: contextInitialized()
24-May-2018 00:00:07.460 INFO [main] org.apache.catalina.core.ApplicationContext.log SessionListener: contextInitialized()
24-May-2018 00:00:07.460 INFO [main] org.apache.catalina.core.ApplicationContext.log ContextListener: attributeAdded('StockTicker', 'async.Stockticker@37cd92d6')
24-May-2018 00:00:51.904 INFO [main] org.apache.catalina.core.ApplicationContext.log SessionListener: contextDestroyed()
24-May-2018 00:00:51.904 INFO [main] org.apache.catalina.core.ApplicationContext.log ContextListener: contextDestroyed()
24-May-2018 00:08:53.004 INFO [main] org.apache.catalina.core.ApplicationContext.log ContextListener: contextInitialized()
24-May-2018 00:08:53.004 INFO [main] org.apache.catalina.core.ApplicationContext.log SessionListener: contextInitialized()
24-May-2018 00:08:53.005 INFO [main] org.apache.catalina.core.ApplicationContext.log ContextListener: attributeAdded('StockTicker', 'async.Stockticker@37cd92d6')
24-May-2018 00:09:37.442 INFO [main] org.apache.catalina.core.ApplicationContext.log SessionListener: contextDestroyed()
24-May-2018 00:09:37.442 INFO [main] org.apache.catalina.core.ApplicationContext.log ContextListener: contextDestroyed()
24-May-2018 00:17:34.545 INFO [main] org.apache.catalina.core.ApplicationContext.log ContextListener: contextInitialized()
24-May-2018 00:17:34.545 INFO [main] org.apache.catalina.core.ApplicationContext.log SessionListener: contextInitialized()
24-May-2018 00:17:34.546 INFO [main] org.apache.catalina.core.ApplicationContext.log ContextListener: attributeAdded('StockTicker', 'async.Stockticker@37cd92d6')
24-May-2018 00:18:19.021 INFO [main] org.apache.catalina.core.ApplicationContext.log SessionListener: contextDestroyed()
24-May-2018 00:18:19.022 INFO [main] org.apache.catalina.core.ApplicationContext.log ContextListener: contextDestroyed()
24-May-2018 00:26:29.070 INFO [main] org.apache.catalina.core.ApplicationContext.log ContextListener: contextInitialized()
24-May-2018 00:26:29.070 INFO [main] org.apache.catalina.core.ApplicationContext.log SessionListener: contextInitialized()
24-May-2018 00:26:29.071 INFO [main] org.apache.catalina.core.ApplicationContext.log ContextListener: attributeAdded('StockTicker', 'async.Stockticker@37cd92d6')
24-May-2018 00:27:13.017 INFO [main] org.apache.catalina.core.ApplicationContext.log SessionListener: contextDestroyed()
24-May-2018 00:27:13.018 INFO [main] org.apache.catalina.core.ApplicationContext.log ContextListener: contextDestroyed()
24-May-2018 00:35:22.286 INFO [main] org.apache.catalina.core.ApplicationContext.log ContextListener: contextInitialized()
24-May-2018 00:35:22.286 INFO [main] org.apache.catalina.core.ApplicationContext.log SessionListener: contextInitialized()
24-May-2018 00:35:22.287 INFO [main] org.apache.catalina.core.ApplicationContext.log ContextListener: attributeAdded('StockTicker', 'async.Stockticker@37cd92d6')
24-May-2018 00:36:06.655 INFO [main] org.apache.catalina.core.ApplicationContext.log SessionListener: contextDestroyed()
24-May-2018 00:36:06.655 INFO [main] org.apache.catalina.core.ApplicationContext.log ContextListener: contextDestroyed()
24-May-2018 00:44:07.379 INFO [main] org.apache.catalina.core.ApplicationContext.log ContextListener: contextInitialized()
24-May-2018 00:44:07.379 INFO [main] org.apache.catalina.core.ApplicationContext.log SessionListener: contextInitialized()
24-May-2018 00:44:07.379 INFO [main] org.apache.catalina.core.ApplicationContext.log ContextListener: attributeAdded('StockTicker', 'async.Stockticker@37cd92d6')
24-May-2018 00:44:51.796 INFO [main] org.apache.catalina.core.ApplicationContext.log SessionListener: contextDestroyed()
24-May-2018 00:44:51.796 INFO [main] org.apache.catalina.core.ApplicationContext.log ContextListener: contextDestroyed()
24-May-2018 00:52:49.982 INFO [main] org.apache.catalina.core.ApplicationContext.log ContextListener: contextInitialized()
24-May-2018 00:52:49.982 INFO [main] org.apache.catalina.core.ApplicationContext.log SessionListener: contextInitialized()
24-May-2018 00:52:49.982 INFO [main] org.apache.catalina.core.ApplicationContext.log ContextListener: attributeAdded('StockTicker', 'async.Stockticker@37cd92d6')
24-May-2018 00:53:34.461 INFO [main] org.apache.catalina.core.ApplicationContext.log SessionListener: contextDestroyed()
24-May-2018 00:53:34.461 INFO [main] org.apache.catalina.core.ApplicationContext.log ContextListener: contextDestroyed()
24-May-2018 01:01:23.371 INFO [main] org.apache.catalina.core.ApplicationContext.log ContextListener: contextInitialized()
24-May-2018 01:01:23.371 INFO [main] org.apache.catalina.core.ApplicationContext.log SessionListener: contextInitialized()
24-May-2018 01:01:23.372 INFO [main] org.apache.catalina.core.ApplicationContext.log ContextListener: attributeAdded('StockTicker', 'async.Stockticker@55e7a35c')
24-May-2018 01:02:07.925 INFO [main] org.apache.catalina.core.ApplicationContext.log SessionListener: contextDestroyed()
24-May-2018 01:02:07.925 INFO [main] org.apache.catalina.core.ApplicationContext.log ContextListener: contextDestroyed()
24-May-2018 01:10:00.213 INFO [main] org.apache.catalina.core.ApplicationContext.log ContextListener: contextInitialized()
24-May-2018 01:10:00.213 INFO [main] org.apache.catalina.core.ApplicationContext.log SessionListener: contextInitialized()
24-May-2018 01:10:00.213 INFO [main] org.apache.catalina.core.ApplicationContext.log ContextListener: attributeAdded('StockTicker', 'async.Stockticker@37cd92d6')
24-May-2018 01:10:44.758 INFO [main] org.apache.catalina.core.ApplicationContext.log SessionListener: contextDestroyed()
24-May-2018 01:10:44.758 INFO [main] org.apache.catalina.core.ApplicationContext.log ContextListener: contextDestroyed()
24-May-2018 01:18:39.900 INFO [main] org.apache.catalina.core.ApplicationContext.log ContextListener: contextInitialized()
24-May-2018 01:18:39.900 INFO [main] org.apache.catalina.core.ApplicationContext.log SessionListener: contextInitialized()
24-May-2018 01:18:39.901 INFO [main] org.apache.catalina.core.ApplicationContext.log ContextListener: attributeAdded('StockTicker', 'async.Stockticker@37cd92d6')
24-May-2018 01:19:24.783 INFO [main] org.apache.catalina.core.ApplicationContext.log SessionListener: contextDestroyed()
24-May-2018 01:19:24.783 INFO [main] org.apache.catalina.core.ApplicationContext.log ContextListener: contextDestroyed()
24-May-2018 01:27:13.276 INFO [main] org.apache.catalina.core.ApplicationContext.log ContextListener: contextInitialized()
24-May-2018 01:27:13.276 INFO [main] org.apache.catalina.core.ApplicationContext.log SessionListener: contextInitialized()
24-May-2018 01:27:13.276 INFO [main] org.apache.catalina.core.ApplicationContext.log ContextListener: attributeAdded('StockTicker', 'async.Stockticker@55e7a35c')
24-May-2018 01:27:57.786 INFO [main] org.apache.catalina.core.ApplicationContext.log SessionListener: contextDestroyed()
24-May-2018 01:27:57.786 INFO [main] org.apache.catalina.core.ApplicationContext.log ContextListener: contextDestroyed()
24-May-2018 01:35:53.355 INFO [main] org.apache.catalina.core.ApplicationContext.log ContextListener: contextInitialized()
24-May-2018 01:35:53.355 INFO [main] org.apache.catalina.core.ApplicationContext.log SessionListener: contextInitialized()
24-May-2018 01:35:53.356 INFO [main] org.apache.catalina.core.ApplicationContext.log ContextListener: attributeAdded('StockTicker', 'async.Stockticker@37cd92d6')
24-May-2018 01:36:37.795 INFO [main] org.apache.catalina.core.ApplicationContext.log SessionListener: contextDestroyed()
24-May-2018 01:36:37.795 INFO [main] org.apache.catalina.core.ApplicationContext.log ContextListener: contextDestroyed()
24-May-2018 01:44:26.940 INFO [main] org.apache.catalina.core.ApplicationContext.log ContextListener: contextInitialized()
24-May-2018 01:44:26.940 INFO [main] org.apache.catalina.core.ApplicationContext.log SessionListener: contextInitialized()
24-May-2018 01:44:26.940 INFO [main] org.apache.catalina.core.ApplicationContext.log ContextListener: attributeAdded('StockTicker', 'async.Stockticker@37cd92d6')
24-May-2018 01:45:11.328 INFO [main] org.apache.catalina.core.ApplicationContext.log SessionListener: contextDestroyed()
24-May-2018 01:45:11.328 INFO [main] org.apache.catalina.core.ApplicationContext.log ContextListener: contextDestroyed()
24-May-2018 01:52:59.481 INFO [main] org.apache.catalina.core.ApplicationContext.log ContextListener: contextInitialized()
24-May-2018 01:52:59.481 INFO [main] org.apache.catalina.core.ApplicationContext.log SessionListener: contextInitialized()
24-May-2018 01:52:59.482 INFO [main] org.apache.catalina.core.ApplicationContext.log ContextListener: attributeAdded('StockTicker', 'async.Stockticker@37cd92d6')
24-May-2018 01:53:43.871 INFO [main] org.apache.catalina.core.ApplicationContext.log SessionListener: contextDestroyed()
24-May-2018 01:53:43.871 INFO [main] org.apache.catalina.core.ApplicationContext.log ContextListener: contextDestroyed()
24-May-2018 02:01:40.739 INFO [main] org.apache.catalina.core.ApplicationContext.log ContextListener: contextInitialized()
24-May-2018 02:01:40.739 INFO [main] org.apache.catalina.core.ApplicationContext.log SessionListener: contextInitialized()
24-May-2018 02:01:40.740 INFO [main] org.apache.catalina.core.ApplicationContext.log ContextListener: attributeAdded('StockTicker', 'async.Stockticker@37cd92d6')
24-May-2018 02:02:25.041 INFO [main] org.apache.catalina.core.ApplicationContext.log SessionListener: contextDestroyed()
24-May-2018 02:02:25.042 INFO [main] org.apache.catalina.core.ApplicationContext.log ContextListener: contextDestroyed()
24-May-2018 02:10:09.734 INFO [main] org.apache.catalina.core.ApplicationContext.log ContextListener: contextInitialized()
24-May-2018 02:10:09.734 INFO [main] org.apache.catalina.core.ApplicationContext.log SessionListener: contextInitialized()
24-May-2018 02:10:09.735 INFO [main] org.apache.catalina.core.ApplicationContext.log ContextListener: attributeAdded('StockTicker', 'async.Stockticker@37cd92d6')
24-May-2018 02:10:54.159 INFO [main] org.apache.catalina.core.ApplicationContext.log SessionListener: contextDestroyed()
24-May-2018 02:10:54.159 INFO [main] org.apache.catalina.core.ApplicationContext.log ContextListener: contextDestroyed()
24-May-2018 02:18:48.668 INFO [main] org.apache.catalina.core.ApplicationContext.log ContextListener: contextInitialized()
24-May-2018 02:18:48.668 INFO [main] org.apache.catalina.core.ApplicationContext.log SessionListener: contextInitialized()
24-May-2018 02:18:48.669 INFO [main] org.apache.catalina.core.ApplicationContext.log ContextListener: attributeAdded('StockTicker', 'async.Stockticker@37cd92d6')
24-May-2018 02:19:32.530 INFO [main] org.apache.catalina.core.ApplicationContext.log SessionListener: contextDestroyed()
24-May-2018 02:19:32.530 INFO [main] org.apache.catalina.core.ApplicationContext.log ContextListener: contextDestroyed()
24-May-2018 02:27:31.654 INFO [main] org.apache.catalina.core.ApplicationContext.log ContextListener: contextInitialized()
24-May-2018 02:27:31.654 INFO [main] org.apache.catalina.core.ApplicationContext.log SessionListener: contextInitialized()
24-May-2018 02:27:31.655 INFO [main] org.apache.catalina.core.ApplicationContext.log ContextListener: attributeAdded('StockTicker', 'async.Stockticker@37cd92d6')
24-May-2018 02:28:16.158 INFO [main] org.apache.catalina.core.ApplicationContext.log SessionListener: contextDestroyed()
24-May-2018 02:28:16.158 INFO [main] org.apache.catalina.core.ApplicationContext.log ContextListener: contextDestroyed()
24-May-2018 02:36:08.240 INFO [main] org.apache.catalina.core.ApplicationContext.log ContextListener: contextInitialized()
24-May-2018 02:36:08.240 INFO [main] org.apache.catalina.core.ApplicationContext.log SessionListener: contextInitialized()
24-May-2018 02:36:08.240 INFO [main] org.apache.catalina.core.ApplicationContext.log ContextListener: attributeAdded('StockTicker', 'async.Stockticker@37cd92d6')
24-May-2018 02:36:52.323 INFO [main] org.apache.catalina.core.ApplicationContext.log SessionListener: contextDestroyed()
24-May-2018 02:36:52.323 INFO [main] org.apache.catalina.core.ApplicationContext.log ContextListener: contextDestroyed()
24-May-2018 02:44:42.721 INFO [main] org.apache.catalina.core.ApplicationContext.log ContextListener: contextInitialized()
24-May-2018 02:44:42.722 INFO [main] org.apache.catalina.core.ApplicationContext.log SessionListener: contextInitialized()
24-May-2018 02:44:42.722 INFO [main] org.apache.catalina.core.ApplicationContext.log ContextListener: attributeAdded('StockTicker', 'async.Stockticker@37cd92d6')
24-May-2018 02:45:27.200 INFO [main] org.apache.catalina.core.ApplicationContext.log SessionListener: contextDestroyed()
24-May-2018 02:45:27.201 INFO [main] org.apache.catalina.core.ApplicationContext.log ContextListener: contextDestroyed()
24-May-2018 02:53:22.122 INFO [main] org.apache.catalina.core.ApplicationContext.log ContextListener: contextInitialized()
24-May-2018 02:53:22.122 INFO [main] org.apache.catalina.core.ApplicationContext.log SessionListener: contextInitialized()
24-May-2018 02:53:22.123 INFO [main] org.apache.catalina.core.ApplicationContext.log ContextListener: attributeAdded('StockTicker', 'async.Stockticker@55e7a35c')
24-May-2018 02:54:06.395 INFO [main] org.apache.catalina.core.ApplicationContext.log SessionListener: contextDestroyed()
24-May-2018 02:54:06.396 INFO [main] org.apache.catalina.core.ApplicationContext.log ContextListener: contextDestroyed()
24-May-2018 03:02:01.920 INFO [main] org.apache.catalina.core.ApplicationContext.log ContextListener: contextInitialized()
24-May-2018 03:02:01.920 INFO [main] org.apache.catalina.core.ApplicationContext.log SessionListener: contextInitialized()
24-May-2018 03:02:01.920 INFO [main] org.apache.catalina.core.ApplicationContext.log ContextListener: attributeAdded('StockTicker', 'async.Stockticker@37cd92d6')
24-May-2018 03:02:46.173 INFO [main] org.apache.catalina.core.ApplicationContext.log SessionListener: contextDestroyed()
24-May-2018 03:02:46.173 INFO [main] org.apache.catalina.core.ApplicationContext.log ContextListener: contextDestroyed()
24-May-2018 03:10:36.385 INFO [main] org.apache.catalina.core.ApplicationContext.log ContextListener: contextInitialized()
24-May-2018 03:10:36.385 INFO [main] org.apache.catalina.core.ApplicationContext.log SessionListener: contextInitialized()
24-May-2018 03:10:36.386 INFO [main] org.apache.catalina.core.ApplicationContext.log ContextListener: attributeAdded('StockTicker', 'async.Stockticker@37cd92d6')
24-May-2018 03:11:20.866 INFO [main] org.apache.catalina.core.ApplicationContext.log SessionListener: contextDestroyed()
24-May-2018 03:11:20.866 INFO [main] org.apache.catalina.core.ApplicationContext.log ContextListener: contextDestroyed()
24-May-2018 03:19:17.618 INFO [main] org.apache.catalina.core.ApplicationContext.log ContextListener: contextInitialized()
24-May-2018 03:19:17.618 INFO [main] org.apache.catalina.core.ApplicationContext.log SessionListener: contextInitialized()
24-May-2018 03:19:17.618 INFO [main] org.apache.catalina.core.ApplicationContext.log ContextListener: attributeAdded('StockTicker', 'async.Stockticker@37cd92d6')
24-May-2018 03:20:02.094 INFO [main] org.apache.catalina.core.ApplicationContext.log SessionListener: contextDestroyed()
24-May-2018 03:20:02.094 INFO [main] org.apache.catalina.core.ApplicationContext.log ContextListener: contextDestroyed()
24-May-2018 03:28:00.095 INFO [main] org.apache.catalina.core.ApplicationContext.log ContextListener: contextInitialized()
24-May-2018 03:28:00.095 INFO [main] org.apache.catalina.core.ApplicationContext.log SessionListener: contextInitialized()
24-May-2018 03:28:00.096 INFO [main] org.apache.catalina.core.ApplicationContext.log ContextListener: attributeAdded('StockTicker', 'async.Stockticker@37cd92d6')
24-May-2018 03:28:44.537 INFO [main] org.apache.catalina.core.ApplicationContext.log SessionListener: contextDestroyed()
24-May-2018 03:28:44.537 INFO [main] org.apache.catalina.core.ApplicationContext.log ContextListener: contextDestroyed()
24-May-2018 03:36:36.634 INFO [main] org.apache.catalina.core.ApplicationContext.log ContextListener: contextInitialized()
24-May-2018 03:36:36.634 INFO [main] org.apache.catalina.core.ApplicationContext.log SessionListener: contextInitialized()
24-May-2018 03:36:36.635 INFO [main] org.apache.catalina.core.ApplicationContext.log ContextListener: attributeAdded('StockTicker', 'async.Stockticker@37cd92d6')
24-May-2018 03:37:21.201 INFO [main] org.apache.catalina.core.ApplicationContext.log SessionListener: contextDestroyed()
24-May-2018 03:37:21.201 INFO [main] org.apache.catalina.core.ApplicationContext.log ContextListener: contextDestroyed()
