23-May-2018 17:57:46.806 INFO [main] org.apache.catalina.core.ApplicationContext.log ContextListener: contextInitialized()
23-May-2018 17:57:46.806 INFO [main] org.apache.catalina.core.ApplicationContext.log SessionListener: contextInitialized()
23-May-2018 17:57:46.807 INFO [main] org.apache.catalina.core.ApplicationContext.log ContextListener: attributeAdded('StockTicker', 'async.Stockticker@55e7a35c')
23-May-2018 17:58:28.932 INFO [main] org.apache.catalina.core.ApplicationContext.log SessionListener: contextDestroyed()
23-May-2018 17:58:28.932 INFO [main] org.apache.catalina.core.ApplicationContext.log ContextListener: contextDestroyed()
23-May-2018 18:30:37.930 INFO [main] org.apache.catalina.core.ApplicationContext.log ContextListener: contextInitialized()
23-May-2018 18:30:37.930 INFO [main] org.apache.catalina.core.ApplicationContext.log SessionListener: contextInitialized()
23-May-2018 18:30:37.931 INFO [main] org.apache.catalina.core.ApplicationContext.log ContextListener: attributeAdded('StockTicker', 'async.Stockticker@37cd92d6')
23-May-2018 18:31:20.813 INFO [main] org.apache.catalina.core.ApplicationContext.log SessionListener: contextDestroyed()
23-May-2018 18:31:20.813 INFO [main] org.apache.catalina.core.ApplicationContext.log ContextListener: contextDestroyed()
23-May-2018 18:45:46.164 INFO [main] org.apache.catalina.core.ApplicationContext.log ContextListener: contextInitialized()
23-May-2018 18:45:46.164 INFO [main] org.apache.catalina.core.ApplicationContext.log SessionListener: contextInitialized()
23-May-2018 18:45:46.164 INFO [main] org.apache.catalina.core.ApplicationContext.log ContextListener: attributeAdded('StockTicker', 'async.Stockticker@37cd92d6')
23-May-2018 18:46:30.611 INFO [main] org.apache.catalina.core.ApplicationContext.log SessionListener: contextDestroyed()
23-May-2018 18:46:30.611 INFO [main] org.apache.catalina.core.ApplicationContext.log ContextListener: contextDestroyed()
23-May-2018 19:00:21.970 INFO [main] org.apache.catalina.core.ApplicationContext.log ContextListener: contextInitialized()
23-May-2018 19:00:21.971 INFO [main] org.apache.catalina.core.ApplicationContext.log SessionListener: contextInitialized()
23-May-2018 19:00:21.971 INFO [main] org.apache.catalina.core.ApplicationContext.log ContextListener: attributeAdded('StockTicker', 'async.Stockticker@37cd92d6')
23-May-2018 19:01:06.163 INFO [main] org.apache.catalina.core.ApplicationContext.log SessionListener: contextDestroyed()
23-May-2018 19:01:06.163 INFO [main] org.apache.catalina.core.ApplicationContext.log ContextListener: contextDestroyed()
23-May-2018 19:12:33.831 INFO [main] org.apache.catalina.core.ApplicationContext.log ContextListener: contextInitialized()
23-May-2018 19:12:33.831 INFO [main] org.apache.catalina.core.ApplicationContext.log SessionListener: contextInitialized()
23-May-2018 19:12:33.832 INFO [main] org.apache.catalina.core.ApplicationContext.log ContextListener: attributeAdded('StockTicker', 'async.Stockticker@55e7a35c')
23-May-2018 19:13:16.670 INFO [main] org.apache.catalina.core.ApplicationContext.log SessionListener: contextDestroyed()
23-May-2018 19:13:16.670 INFO [main] org.apache.catalina.core.ApplicationContext.log ContextListener: contextDestroyed()
23-May-2018 19:25:26.648 INFO [main] org.apache.catalina.core.ApplicationContext.log ContextListener: contextInitialized()
23-May-2018 19:25:26.648 INFO [main] org.apache.catalina.core.ApplicationContext.log SessionListener: contextInitialized()
23-May-2018 19:25:26.649 INFO [main] org.apache.catalina.core.ApplicationContext.log ContextListener: attributeAdded('StockTicker', 'async.Stockticker@37cd92d6')
23-May-2018 19:26:11.050 INFO [main] org.apache.catalina.core.ApplicationContext.log SessionListener: contextDestroyed()
23-May-2018 19:26:11.050 INFO [main] org.apache.catalina.core.ApplicationContext.log ContextListener: contextDestroyed()
23-May-2018 19:58:25.692 INFO [main] org.apache.catalina.core.ApplicationContext.log ContextListener: contextInitialized()
23-May-2018 19:58:25.693 INFO [main] org.apache.catalina.core.ApplicationContext.log SessionListener: contextInitialized()
23-May-2018 19:58:25.693 INFO [main] org.apache.catalina.core.ApplicationContext.log ContextListener: attributeAdded('StockTicker', 'async.Stockticker@55e7a35c')
23-May-2018 19:59:08.387 INFO [main] org.apache.catalina.core.ApplicationContext.log SessionListener: contextDestroyed()
23-May-2018 19:59:08.387 INFO [main] org.apache.catalina.core.ApplicationContext.log ContextListener: contextDestroyed()
23-May-2018 20:06:39.576 INFO [main] org.apache.catalina.core.ApplicationContext.log ContextListener: contextInitialized()
23-May-2018 20:06:39.576 INFO [main] org.apache.catalina.core.ApplicationContext.log SessionListener: contextInitialized()
23-May-2018 20:06:39.577 INFO [main] org.apache.catalina.core.ApplicationContext.log ContextListener: attributeAdded('StockTicker', 'async.Stockticker@37cd92d6')
23-May-2018 20:07:23.941 INFO [main] org.apache.catalina.core.ApplicationContext.log SessionListener: contextDestroyed()
23-May-2018 20:07:23.941 INFO [main] org.apache.catalina.core.ApplicationContext.log ContextListener: contextDestroyed()
23-May-2018 20:15:12.983 INFO [main] org.apache.catalina.core.ApplicationContext.log ContextListener: contextInitialized()
23-May-2018 20:15:12.983 INFO [main] org.apache.catalina.core.ApplicationContext.log SessionListener: contextInitialized()
23-May-2018 20:15:12.984 INFO [main] org.apache.catalina.core.ApplicationContext.log ContextListener: attributeAdded('StockTicker', 'async.Stockticker@37cd92d6')
23-May-2018 20:15:57.118 INFO [main] org.apache.catalina.core.ApplicationContext.log SessionListener: contextDestroyed()
23-May-2018 20:15:57.118 INFO [main] org.apache.catalina.core.ApplicationContext.log ContextListener: contextDestroyed()
23-May-2018 20:25:36.267 INFO [main] org.apache.catalina.core.ApplicationContext.log ContextListener: contextInitialized()
23-May-2018 20:25:36.267 INFO [main] org.apache.catalina.core.ApplicationContext.log SessionListener: contextInitialized()
23-May-2018 20:25:36.268 INFO [main] org.apache.catalina.core.ApplicationContext.log ContextListener: attributeAdded('StockTicker', 'async.Stockticker@55e7a35c')
23-May-2018 20:26:19.907 INFO [main] org.apache.catalina.core.ApplicationContext.log SessionListener: contextDestroyed()
23-May-2018 20:26:19.907 INFO [main] org.apache.catalina.core.ApplicationContext.log ContextListener: contextDestroyed()
23-May-2018 20:34:09.056 INFO [main] org.apache.catalina.core.ApplicationContext.log ContextListener: contextInitialized()
23-May-2018 20:34:09.056 INFO [main] org.apache.catalina.core.ApplicationContext.log SessionListener: contextInitialized()
23-May-2018 20:34:09.057 INFO [main] org.apache.catalina.core.ApplicationContext.log ContextListener: attributeAdded('StockTicker', 'async.Stockticker@37cd92d6')
23-May-2018 20:34:53.618 INFO [main] org.apache.catalina.core.ApplicationContext.log SessionListener: contextDestroyed()
23-May-2018 20:34:53.618 INFO [main] org.apache.catalina.core.ApplicationContext.log ContextListener: contextDestroyed()
23-May-2018 20:42:38.965 INFO [main] org.apache.catalina.core.ApplicationContext.log ContextListener: contextInitialized()
23-May-2018 20:42:38.965 INFO [main] org.apache.catalina.core.ApplicationContext.log SessionListener: contextInitialized()
23-May-2018 20:42:38.966 INFO [main] org.apache.catalina.core.ApplicationContext.log ContextListener: attributeAdded('StockTicker', 'async.Stockticker@37cd92d6')
23-May-2018 20:43:23.259 INFO [main] org.apache.catalina.core.ApplicationContext.log SessionListener: contextDestroyed()
23-May-2018 20:43:23.259 INFO [main] org.apache.catalina.core.ApplicationContext.log ContextListener: contextDestroyed()
23-May-2018 20:50:53.038 INFO [main] org.apache.catalina.core.ApplicationContext.log ContextListener: contextInitialized()
23-May-2018 20:50:53.038 INFO [main] org.apache.catalina.core.ApplicationContext.log SessionListener: contextInitialized()
23-May-2018 20:50:53.039 INFO [main] org.apache.catalina.core.ApplicationContext.log ContextListener: attributeAdded('StockTicker', 'async.Stockticker@37cd92d6')
23-May-2018 20:51:37.319 INFO [main] org.apache.catalina.core.ApplicationContext.log SessionListener: contextDestroyed()
23-May-2018 20:51:37.320 INFO [main] org.apache.catalina.core.ApplicationContext.log ContextListener: contextDestroyed()
23-May-2018 20:59:31.409 INFO [main] org.apache.catalina.core.ApplicationContext.log ContextListener: contextInitialized()
23-May-2018 20:59:31.409 INFO [main] org.apache.catalina.core.ApplicationContext.log SessionListener: contextInitialized()
23-May-2018 20:59:31.409 INFO [main] org.apache.catalina.core.ApplicationContext.log ContextListener: attributeAdded('StockTicker', 'async.Stockticker@37cd92d6')
23-May-2018 21:00:15.664 INFO [main] org.apache.catalina.core.ApplicationContext.log SessionListener: contextDestroyed()
23-May-2018 21:00:15.664 INFO [main] org.apache.catalina.core.ApplicationContext.log ContextListener: contextDestroyed()
23-May-2018 21:08:14.178 INFO [main] org.apache.catalina.core.ApplicationContext.log ContextListener: contextInitialized()
23-May-2018 21:08:14.178 INFO [main] org.apache.catalina.core.ApplicationContext.log SessionListener: contextInitialized()
23-May-2018 21:08:14.179 INFO [main] org.apache.catalina.core.ApplicationContext.log ContextListener: attributeAdded('StockTicker', 'async.Stockticker@37cd92d6')
23-May-2018 21:08:58.580 INFO [main] org.apache.catalina.core.ApplicationContext.log SessionListener: contextDestroyed()
23-May-2018 21:08:58.581 INFO [main] org.apache.catalina.core.ApplicationContext.log ContextListener: contextDestroyed()
23-May-2018 21:16:49.101 INFO [main] org.apache.catalina.core.ApplicationContext.log ContextListener: contextInitialized()
23-May-2018 21:16:49.101 INFO [main] org.apache.catalina.core.ApplicationContext.log SessionListener: contextInitialized()
23-May-2018 21:16:49.101 INFO [main] org.apache.catalina.core.ApplicationContext.log ContextListener: attributeAdded('StockTicker', 'async.Stockticker@37cd92d6')
23-May-2018 21:17:33.548 INFO [main] org.apache.catalina.core.ApplicationContext.log SessionListener: contextDestroyed()
23-May-2018 21:17:33.549 INFO [main] org.apache.catalina.core.ApplicationContext.log ContextListener: contextDestroyed()
23-May-2018 21:25:01.092 INFO [main] org.apache.catalina.core.ApplicationContext.log ContextListener: contextInitialized()
23-May-2018 21:25:01.092 INFO [main] org.apache.catalina.core.ApplicationContext.log SessionListener: contextInitialized()
23-May-2018 21:25:01.093 INFO [main] org.apache.catalina.core.ApplicationContext.log ContextListener: attributeAdded('StockTicker', 'async.Stockticker@37cd92d6')
23-May-2018 21:25:45.252 INFO [main] org.apache.catalina.core.ApplicationContext.log SessionListener: contextDestroyed()
23-May-2018 21:25:45.252 INFO [main] org.apache.catalina.core.ApplicationContext.log ContextListener: contextDestroyed()
23-May-2018 21:33:36.079 INFO [main] org.apache.catalina.core.ApplicationContext.log ContextListener: contextInitialized()
23-May-2018 21:33:36.079 INFO [main] org.apache.catalina.core.ApplicationContext.log SessionListener: contextInitialized()
23-May-2018 21:33:36.080 INFO [main] org.apache.catalina.core.ApplicationContext.log ContextListener: attributeAdded('StockTicker', 'async.Stockticker@37cd92d6')
23-May-2018 21:34:20.519 INFO [main] org.apache.catalina.core.ApplicationContext.log SessionListener: contextDestroyed()
23-May-2018 21:34:20.520 INFO [main] org.apache.catalina.core.ApplicationContext.log ContextListener: contextDestroyed()
23-May-2018 21:42:11.571 INFO [main] org.apache.catalina.core.ApplicationContext.log ContextListener: contextInitialized()
23-May-2018 21:42:11.572 INFO [main] org.apache.catalina.core.ApplicationContext.log SessionListener: contextInitialized()
23-May-2018 21:42:11.572 INFO [main] org.apache.catalina.core.ApplicationContext.log ContextListener: attributeAdded('StockTicker', 'async.Stockticker@37cd92d6')
23-May-2018 21:42:55.995 INFO [main] org.apache.catalina.core.ApplicationContext.log SessionListener: contextDestroyed()
23-May-2018 21:42:55.995 INFO [main] org.apache.catalina.core.ApplicationContext.log ContextListener: contextDestroyed()
23-May-2018 21:50:40.788 INFO [main] org.apache.catalina.core.ApplicationContext.log ContextListener: contextInitialized()
23-May-2018 21:50:40.788 INFO [main] org.apache.catalina.core.ApplicationContext.log SessionListener: contextInitialized()
23-May-2018 21:50:40.788 INFO [main] org.apache.catalina.core.ApplicationContext.log ContextListener: attributeAdded('StockTicker', 'async.Stockticker@37cd92d6')
23-May-2018 21:51:25.322 INFO [main] org.apache.catalina.core.ApplicationContext.log SessionListener: contextDestroyed()
23-May-2018 21:51:25.322 INFO [main] org.apache.catalina.core.ApplicationContext.log ContextListener: contextDestroyed()
23-May-2018 21:59:22.611 INFO [main] org.apache.catalina.core.ApplicationContext.log ContextListener: contextInitialized()
23-May-2018 21:59:22.611 INFO [main] org.apache.catalina.core.ApplicationContext.log SessionListener: contextInitialized()
23-May-2018 21:59:22.612 INFO [main] org.apache.catalina.core.ApplicationContext.log ContextListener: attributeAdded('StockTicker', 'async.Stockticker@37cd92d6')
23-May-2018 22:00:06.938 INFO [main] org.apache.catalina.core.ApplicationContext.log SessionListener: contextDestroyed()
23-May-2018 22:00:06.938 INFO [main] org.apache.catalina.core.ApplicationContext.log ContextListener: contextDestroyed()
23-May-2018 22:07:59.325 INFO [main] org.apache.catalina.core.ApplicationContext.log ContextListener: contextInitialized()
23-May-2018 22:07:59.325 INFO [main] org.apache.catalina.core.ApplicationContext.log SessionListener: contextInitialized()
23-May-2018 22:07:59.325 INFO [main] org.apache.catalina.core.ApplicationContext.log ContextListener: attributeAdded('StockTicker', 'async.Stockticker@55e7a35c')
23-May-2018 22:08:43.875 INFO [main] org.apache.catalina.core.ApplicationContext.log SessionListener: contextDestroyed()
23-May-2018 22:08:43.875 INFO [main] org.apache.catalina.core.ApplicationContext.log ContextListener: contextDestroyed()
23-May-2018 22:16:32.831 INFO [main] org.apache.catalina.core.ApplicationContext.log ContextListener: contextInitialized()
23-May-2018 22:16:32.831 INFO [main] org.apache.catalina.core.ApplicationContext.log SessionListener: contextInitialized()
23-May-2018 22:16:32.832 INFO [main] org.apache.catalina.core.ApplicationContext.log ContextListener: attributeAdded('StockTicker', 'async.Stockticker@37cd92d6')
23-May-2018 22:17:17.222 INFO [main] org.apache.catalina.core.ApplicationContext.log SessionListener: contextDestroyed()
23-May-2018 22:17:17.222 INFO [main] org.apache.catalina.core.ApplicationContext.log ContextListener: contextDestroyed()
23-May-2018 22:25:07.594 INFO [main] org.apache.catalina.core.ApplicationContext.log ContextListener: contextInitialized()
23-May-2018 22:25:07.594 INFO [main] org.apache.catalina.core.ApplicationContext.log SessionListener: contextInitialized()
23-May-2018 22:25:07.595 INFO [main] org.apache.catalina.core.ApplicationContext.log ContextListener: attributeAdded('StockTicker', 'async.Stockticker@55e7a35c')
23-May-2018 22:25:51.958 INFO [main] org.apache.catalina.core.ApplicationContext.log SessionListener: contextDestroyed()
23-May-2018 22:25:51.958 INFO [main] org.apache.catalina.core.ApplicationContext.log ContextListener: contextDestroyed()
23-May-2018 22:33:38.390 INFO [main] org.apache.catalina.core.ApplicationContext.log ContextListener: contextInitialized()
23-May-2018 22:33:38.390 INFO [main] org.apache.catalina.core.ApplicationContext.log SessionListener: contextInitialized()
23-May-2018 22:33:38.391 INFO [main] org.apache.catalina.core.ApplicationContext.log ContextListener: attributeAdded('StockTicker', 'async.Stockticker@37cd92d6')
23-May-2018 22:34:22.287 INFO [main] org.apache.catalina.core.ApplicationContext.log SessionListener: contextDestroyed()
23-May-2018 22:34:22.287 INFO [main] org.apache.catalina.core.ApplicationContext.log ContextListener: contextDestroyed()
23-May-2018 22:42:08.911 INFO [main] org.apache.catalina.core.ApplicationContext.log ContextListener: contextInitialized()
23-May-2018 22:42:08.911 INFO [main] org.apache.catalina.core.ApplicationContext.log SessionListener: contextInitialized()
23-May-2018 22:42:08.912 INFO [main] org.apache.catalina.core.ApplicationContext.log ContextListener: attributeAdded('StockTicker', 'async.Stockticker@37cd92d6')
23-May-2018 22:42:53.546 INFO [main] org.apache.catalina.core.ApplicationContext.log SessionListener: contextDestroyed()
23-May-2018 22:42:53.546 INFO [main] org.apache.catalina.core.ApplicationContext.log ContextListener: contextDestroyed()
23-May-2018 22:50:55.822 INFO [main] org.apache.catalina.core.ApplicationContext.log ContextListener: contextInitialized()
23-May-2018 22:50:55.822 INFO [main] org.apache.catalina.core.ApplicationContext.log SessionListener: contextInitialized()
23-May-2018 22:50:55.823 INFO [main] org.apache.catalina.core.ApplicationContext.log ContextListener: attributeAdded('StockTicker', 'async.Stockticker@55e7a35c')
23-May-2018 22:51:40.124 INFO [main] org.apache.catalina.core.ApplicationContext.log SessionListener: contextDestroyed()
23-May-2018 22:51:40.124 INFO [main] org.apache.catalina.core.ApplicationContext.log ContextListener: contextDestroyed()
23-May-2018 22:59:34.037 INFO [main] org.apache.catalina.core.ApplicationContext.log ContextListener: contextInitialized()
23-May-2018 22:59:34.037 INFO [main] org.apache.catalina.core.ApplicationContext.log SessionListener: contextInitialized()
23-May-2018 22:59:34.038 INFO [main] org.apache.catalina.core.ApplicationContext.log ContextListener: attributeAdded('StockTicker', 'async.Stockticker@37cd92d6')
23-May-2018 23:00:18.523 INFO [main] org.apache.catalina.core.ApplicationContext.log SessionListener: contextDestroyed()
23-May-2018 23:00:18.523 INFO [main] org.apache.catalina.core.ApplicationContext.log ContextListener: contextDestroyed()
23-May-2018 23:08:28.262 INFO [main] org.apache.catalina.core.ApplicationContext.log ContextListener: contextInitialized()
23-May-2018 23:08:28.262 INFO [main] org.apache.catalina.core.ApplicationContext.log SessionListener: contextInitialized()
23-May-2018 23:08:28.263 INFO [main] org.apache.catalina.core.ApplicationContext.log ContextListener: attributeAdded('StockTicker', 'async.Stockticker@37cd92d6')
23-May-2018 23:09:12.807 INFO [main] org.apache.catalina.core.ApplicationContext.log SessionListener: contextDestroyed()
23-May-2018 23:09:12.807 INFO [main] org.apache.catalina.core.ApplicationContext.log ContextListener: contextDestroyed()
23-May-2018 23:17:05.323 INFO [main] org.apache.catalina.core.ApplicationContext.log ContextListener: contextInitialized()
23-May-2018 23:17:05.323 INFO [main] org.apache.catalina.core.ApplicationContext.log SessionListener: contextInitialized()
23-May-2018 23:17:05.324 INFO [main] org.apache.catalina.core.ApplicationContext.log ContextListener: attributeAdded('StockTicker', 'async.Stockticker@37cd92d6')
23-May-2018 23:17:49.799 INFO [main] org.apache.catalina.core.ApplicationContext.log SessionListener: contextDestroyed()
23-May-2018 23:17:49.799 INFO [main] org.apache.catalina.core.ApplicationContext.log ContextListener: contextDestroyed()
23-May-2018 23:25:43.443 INFO [main] org.apache.catalina.core.ApplicationContext.log ContextListener: contextInitialized()
23-May-2018 23:25:43.443 INFO [main] org.apache.catalina.core.ApplicationContext.log SessionListener: contextInitialized()
23-May-2018 23:25:43.443 INFO [main] org.apache.catalina.core.ApplicationContext.log ContextListener: attributeAdded('StockTicker', 'async.Stockticker@37cd92d6')
23-May-2018 23:26:27.996 INFO [main] org.apache.catalina.core.ApplicationContext.log SessionListener: contextDestroyed()
23-May-2018 23:26:27.996 INFO [main] org.apache.catalina.core.ApplicationContext.log ContextListener: contextDestroyed()
23-May-2018 23:34:20.722 INFO [main] org.apache.catalina.core.ApplicationContext.log ContextListener: contextInitialized()
23-May-2018 23:34:20.722 INFO [main] org.apache.catalina.core.ApplicationContext.log SessionListener: contextInitialized()
23-May-2018 23:34:20.723 INFO [main] org.apache.catalina.core.ApplicationContext.log ContextListener: attributeAdded('StockTicker', 'async.Stockticker@55e7a35c')
23-May-2018 23:35:05.252 INFO [main] org.apache.catalina.core.ApplicationContext.log SessionListener: contextDestroyed()
23-May-2018 23:35:05.252 INFO [main] org.apache.catalina.core.ApplicationContext.log ContextListener: contextDestroyed()
23-May-2018 23:42:50.352 INFO [main] org.apache.catalina.core.ApplicationContext.log ContextListener: contextInitialized()
23-May-2018 23:42:50.352 INFO [main] org.apache.catalina.core.ApplicationContext.log SessionListener: contextInitialized()
23-May-2018 23:42:50.353 INFO [main] org.apache.catalina.core.ApplicationContext.log ContextListener: attributeAdded('StockTicker', 'async.Stockticker@37cd92d6')
23-May-2018 23:43:34.973 INFO [main] org.apache.catalina.core.ApplicationContext.log SessionListener: contextDestroyed()
23-May-2018 23:43:34.973 INFO [main] org.apache.catalina.core.ApplicationContext.log ContextListener: contextDestroyed()
23-May-2018 23:51:28.506 INFO [main] org.apache.catalina.core.ApplicationContext.log ContextListener: contextInitialized()
23-May-2018 23:51:28.506 INFO [main] org.apache.catalina.core.ApplicationContext.log SessionListener: contextInitialized()
23-May-2018 23:51:28.507 INFO [main] org.apache.catalina.core.ApplicationContext.log ContextListener: attributeAdded('StockTicker', 'async.Stockticker@37cd92d6')
23-May-2018 23:52:12.784 INFO [main] org.apache.catalina.core.ApplicationContext.log SessionListener: contextDestroyed()
23-May-2018 23:52:12.784 INFO [main] org.apache.catalina.core.ApplicationContext.log ContextListener: contextDestroyed()
