25-Jun-2018 10:23:06.368 INFO [main] org.apache.catalina.core.ApplicationContext.log ContextListener: contextInitialized()
25-Jun-2018 10:23:06.368 INFO [main] org.apache.catalina.core.ApplicationContext.log SessionListener: contextInitialized()
25-Jun-2018 10:23:06.369 INFO [main] org.apache.catalina.core.ApplicationContext.log ContextListener: attributeAdded('StockTicker', 'async.Stockticker@37cd92d6')
25-Jun-2018 10:23:48.437 INFO [main] org.apache.catalina.core.ApplicationContext.log SessionListener: contextDestroyed()
25-Jun-2018 10:23:48.437 INFO [main] org.apache.catalina.core.ApplicationContext.log ContextListener: contextDestroyed()
25-Jun-2018 16:36:30.041 INFO [main] org.apache.catalina.core.ApplicationContext.log ContextListener: contextInitialized()
25-Jun-2018 16:36:30.041 INFO [main] org.apache.catalina.core.ApplicationContext.log SessionListener: contextInitialized()
25-Jun-2018 16:36:30.042 INFO [main] org.apache.catalina.core.ApplicationContext.log ContextListener: attributeAdded('StockTicker', 'async.Stockticker@37cd92d6')
25-Jun-2018 16:37:14.957 INFO [main] org.apache.catalina.core.ApplicationContext.log SessionListener: contextDestroyed()
25-Jun-2018 16:37:14.957 INFO [main] org.apache.catalina.core.ApplicationContext.log ContextListener: contextDestroyed()
25-Jun-2018 16:58:24.760 INFO [main] org.apache.catalina.core.ApplicationContext.log ContextListener: contextInitialized()
25-Jun-2018 16:58:24.760 INFO [main] org.apache.catalina.core.ApplicationContext.log SessionListener: contextInitialized()
25-Jun-2018 16:58:24.761 INFO [main] org.apache.catalina.core.ApplicationContext.log ContextListener: attributeAdded('StockTicker', 'async.Stockticker@37cd92d6')
25-Jun-2018 16:59:11.858 INFO [main] org.apache.catalina.core.ApplicationContext.log SessionListener: contextDestroyed()
25-Jun-2018 16:59:11.858 INFO [main] org.apache.catalina.core.ApplicationContext.log ContextListener: contextDestroyed()
25-Jun-2018 20:47:23.629 INFO [main] org.apache.catalina.core.ApplicationContext.log ContextListener: contextInitialized()
25-Jun-2018 20:47:23.629 INFO [main] org.apache.catalina.core.ApplicationContext.log SessionListener: contextInitialized()
25-Jun-2018 20:47:23.629 INFO [main] org.apache.catalina.core.ApplicationContext.log ContextListener: attributeAdded('StockTicker', 'async.Stockticker@37cd92d6')
25-Jun-2018 20:47:26.278 INFO [main] org.apache.catalina.core.ApplicationContext.log SessionListener: contextDestroyed()
25-Jun-2018 20:47:26.278 INFO [main] org.apache.catalina.core.ApplicationContext.log ContextListener: contextDestroyed()
25-Jun-2018 20:47:47.135 INFO [main] org.apache.catalina.core.ApplicationContext.log ContextListener: contextInitialized()
25-Jun-2018 20:47:47.135 INFO [main] org.apache.catalina.core.ApplicationContext.log SessionListener: contextInitialized()
25-Jun-2018 20:47:47.136 INFO [main] org.apache.catalina.core.ApplicationContext.log ContextListener: attributeAdded('StockTicker', 'async.Stockticker@37cd92d6')
25-Jun-2018 20:48:05.744 INFO [main] org.apache.catalina.core.ApplicationContext.log ContextListener: contextInitialized()
25-Jun-2018 20:48:05.744 INFO [main] org.apache.catalina.core.ApplicationContext.log SessionListener: contextInitialized()
25-Jun-2018 20:48:05.745 INFO [main] org.apache.catalina.core.ApplicationContext.log ContextListener: attributeAdded('StockTicker', 'async.Stockticker@687a762c')
25-Jun-2018 20:48:05.787 INFO [main] org.apache.catalina.core.ApplicationContext.log SessionListener: contextDestroyed()
25-Jun-2018 20:48:05.787 INFO [main] org.apache.catalina.core.ApplicationContext.log ContextListener: contextDestroyed()
25-Jun-2018 20:48:10.183 INFO [main] org.apache.catalina.core.ApplicationContext.log SessionListener: contextDestroyed()
25-Jun-2018 20:48:10.183 INFO [main] org.apache.catalina.core.ApplicationContext.log ContextListener: contextDestroyed()
25-Jun-2018 20:54:35.972 INFO [main] org.apache.catalina.core.ApplicationContext.log ContextListener: contextInitialized()
25-Jun-2018 20:54:35.972 INFO [main] org.apache.catalina.core.ApplicationContext.log SessionListener: contextInitialized()
25-Jun-2018 20:54:35.973 INFO [main] org.apache.catalina.core.ApplicationContext.log ContextListener: attributeAdded('StockTicker', 'async.Stockticker@37cd92d6')
25-Jun-2018 20:54:56.509 INFO [main] org.apache.catalina.core.ApplicationContext.log ContextListener: contextInitialized()
25-Jun-2018 20:54:56.509 INFO [main] org.apache.catalina.core.ApplicationContext.log SessionListener: contextInitialized()
25-Jun-2018 20:54:56.510 INFO [main] org.apache.catalina.core.ApplicationContext.log ContextListener: attributeAdded('StockTicker', 'async.Stockticker@3f093abe')
25-Jun-2018 20:54:56.558 INFO [main] org.apache.catalina.core.ApplicationContext.log SessionListener: contextDestroyed()
25-Jun-2018 20:54:56.559 INFO [main] org.apache.catalina.core.ApplicationContext.log ContextListener: contextDestroyed()
25-Jun-2018 20:55:03.789 INFO [main] org.apache.catalina.core.ApplicationContext.log ContextListener: contextInitialized()
25-Jun-2018 20:55:03.789 INFO [main] org.apache.catalina.core.ApplicationContext.log SessionListener: contextInitialized()
25-Jun-2018 20:55:03.790 INFO [main] org.apache.catalina.core.ApplicationContext.log ContextListener: attributeAdded('StockTicker', 'async.Stockticker@687a762c')
25-Jun-2018 20:55:03.828 INFO [main] org.apache.catalina.core.ApplicationContext.log SessionListener: contextDestroyed()
25-Jun-2018 20:55:03.828 INFO [main] org.apache.catalina.core.ApplicationContext.log ContextListener: contextDestroyed()
25-Jun-2018 20:55:09.598 INFO [main] org.apache.catalina.core.ApplicationContext.log SessionListener: contextDestroyed()
25-Jun-2018 20:55:09.598 INFO [main] org.apache.catalina.core.ApplicationContext.log ContextListener: contextDestroyed()
25-Jun-2018 20:55:22.605 INFO [main] org.apache.catalina.core.ApplicationContext.log ContextListener: contextInitialized()
25-Jun-2018 20:55:22.605 INFO [main] org.apache.catalina.core.ApplicationContext.log SessionListener: contextInitialized()
25-Jun-2018 20:55:22.606 INFO [main] org.apache.catalina.core.ApplicationContext.log ContextListener: attributeAdded('StockTicker', 'async.Stockticker@37cd92d6')
25-Jun-2018 20:55:27.441 INFO [main] org.apache.catalina.core.ApplicationContext.log SessionListener: contextDestroyed()
25-Jun-2018 20:55:27.441 INFO [main] org.apache.catalina.core.ApplicationContext.log ContextListener: contextDestroyed()
